{"E:\\tep_working\\BRIDGE\\packages\\gateway\\lib\\builtin-tools.js": {"path":"E:\\tep_working\\BRIDGE\\packages\\gateway\\lib\\builtin-tools.js","statementMap":{"0":{"start":{"line":8,"column":11},"end":{"line":8,"column":24}},"1":{"start":{"line":9,"column":13},"end":{"line":9,"column":28}},"2":{"start":{"line":13,"column":2},"end":{"line":27,"column":null}},"3":{"start":{"line":20,"column":6},"end":{"line":25,"column":null}},"4":{"start":{"line":21,"column":24},"end":{"line":21,"column":59}},"5":{"start":{"line":22,"column":8},"end":{"line":22,"column":null}},"6":{"start":{"line":24,"column":8},"end":{"line":24,"column":null}},"7":{"start":{"line":30,"column":2},"end":{"line":47,"column":null}},"8":{"start":{"line":38,"column":6},"end":{"line":45,"column":null}},"9":{"start":{"line":39,"column":20},"end":{"line":39,"column":43}},"10":{"start":{"line":40,"column":8},"end":{"line":40,"column":null}},"11":{"start":{"line":40,"column":33},"end":{"line":40,"column":null}},"12":{"start":{"line":41,"column":8},"end":{"line":41,"column":null}},"13":{"start":{"line":42,"column":8},"end":{"line":42,"column":null}},"14":{"start":{"line":44,"column":8},"end":{"line":44,"column":null}},"15":{"start":{"line":50,"column":2},"end":{"line":67,"column":null}},"16":{"start":{"line":58,"column":6},"end":{"line":65,"column":null}},"17":{"start":{"line":59,"column":20},"end":{"line":59,"column":43}},"18":{"start":{"line":60,"column":8},"end":{"line":60,"column":null}},"19":{"start":{"line":60,"column":33},"end":{"line":60,"column":null}},"20":{"start":{"line":61,"column":8},"end":{"line":61,"column":null}},"21":{"start":{"line":62,"column":8},"end":{"line":62,"column":null}},"22":{"start":{"line":64,"column":8},"end":{"line":64,"column":null}},"23":{"start":{"line":70,"column":2},"end":{"line":85,"column":null}},"24":{"start":{"line":77,"column":18},"end":{"line":77,"column":34}},"25":{"start":{"line":78,"column":6},"end":{"line":83,"column":null}},"26":{"start":{"line":79,"column":22},"end":{"line":79,"column":41}},"27":{"start":{"line":80,"column":8},"end":{"line":80,"column":null}},"28":{"start":{"line":82,"column":8},"end":{"line":82,"column":null}},"29":{"start":{"line":88,"column":2},"end":{"line":111,"column":null}},"30":{"start":{"line":97,"column":6},"end":{"line":109,"column":null}},"31":{"start":{"line":98,"column":24},"end":{"line":98,"column":59}},"32":{"start":{"line":99,"column":22},"end":{"line":99,"column":41}},"33":{"start":{"line":100,"column":24},"end":{"line":100,"column":87}},"34":{"start":{"line":101,"column":24},"end":{"line":104,"column":10}},"35":{"start":{"line":102,"column":25},"end":{"line":102,"column":72}},"36":{"start":{"line":103,"column":10},"end":{"line":103,"column":null}},"37":{"start":{"line":105,"column":8},"end":{"line":105,"column":null}},"38":{"start":{"line":105,"column":34},"end":{"line":105,"column":null}},"39":{"start":{"line":106,"column":8},"end":{"line":106,"column":null}},"40":{"start":{"line":106,"column":62},"end":{"line":106,"column":77}},"41":{"start":{"line":108,"column":8},"end":{"line":108,"column":null}},"42":{"start":{"line":114,"column":2},"end":{"line":127,"column":null}},"43":{"start":{"line":121,"column":18},"end":{"line":121,"column":28}},"44":{"start":{"line":122,"column":16},"end":{"line":122,"column":41}},"45":{"start":{"line":123,"column":6},"end":{"line":123,"column":null}},"46":{"start":{"line":123,"column":24},"end":{"line":123,"column":null}},"47":{"start":{"line":124,"column":6},"end":{"line":124,"column":null}},"48":{"start":{"line":124,"column":24},"end":{"line":124,"column":null}},"49":{"start":{"line":125,"column":6},"end":{"line":125,"column":null}},"50":{"start":{"line":130,"column":2},"end":{"line":162,"column":null}},"51":{"start":{"line":138,"column":6},"end":{"line":160,"column":null}},"52":{"start":{"line":139,"column":22},"end":{"line":139,"column":32}},"53":{"start":{"line":140,"column":18},"end":{"line":140,"column":39}},"54":{"start":{"line":141,"column":21},"end":{"line":149,"column":10}},"55":{"start":{"line":150,"column":8},"end":{"line":150,"column":null}},"56":{"start":{"line":150,"column":22},"end":{"line":150,"column":null}},"57":{"start":{"line":151,"column":21},"end":{"line":151,"column":38}},"58":{"start":{"line":153,"column":24},"end":{"line":153,"column":56}},"59":{"start":{"line":154,"column":8},"end":{"line":154,"column":null}},"60":{"start":{"line":154,"column":34},"end":{"line":154,"column":null}},"61":{"start":{"line":156,"column":8},"end":{"line":157,"column":null}},"62":{"start":{"line":157,"column":32},"end":{"line":157,"column":88}},"63":{"start":{"line":159,"column":8},"end":{"line":159,"column":null}},"64":{"start":{"line":165,"column":2},"end":{"line":186,"column":null}},"65":{"start":{"line":173,"column":6},"end":{"line":184,"column":null}},"66":{"start":{"line":174,"column":21},"end":{"line":177,"column":10}},"67":{"start":{"line":178,"column":8},"end":{"line":178,"column":null}},"68":{"start":{"line":178,"column":22},"end":{"line":178,"column":null}},"69":{"start":{"line":179,"column":21},"end":{"line":179,"column":38}},"70":{"start":{"line":180,"column":20},"end":{"line":180,"column":43}},"71":{"start":{"line":181,"column":8},"end":{"line":181,"column":null}},"72":{"start":{"line":183,"column":8},"end":{"line":183,"column":null}},"73":{"start":{"line":189,"column":0},"end":{"line":189,"column":null}}},"fnMap":{"0":{"name":"registerBuiltinTools","decl":{"start":{"line":11,"column":9},"end":{"line":11,"column":29}},"loc":{"start":{"line":11,"column":40},"end":{"line":187,"column":null}},"line":11},"1":{"name":"(anonymous_1)","decl":{"start":{"line":19,"column":13},"end":{"line":19,"column":18}},"loc":{"start":{"line":19,"column":29},"end":{"line":26,"column":5}},"line":19},"2":{"name":"(anonymous_2)","decl":{"start":{"line":37,"column":13},"end":{"line":37,"column":18}},"loc":{"start":{"line":37,"column":29},"end":{"line":46,"column":5}},"line":37},"3":{"name":"(anonymous_3)","decl":{"start":{"line":57,"column":13},"end":{"line":57,"column":18}},"loc":{"start":{"line":57,"column":29},"end":{"line":66,"column":5}},"line":57},"4":{"name":"(anonymous_4)","decl":{"start":{"line":76,"column":13},"end":{"line":76,"column":18}},"loc":{"start":{"line":76,"column":29},"end":{"line":84,"column":5}},"line":76},"5":{"name":"(anonymous_5)","decl":{"start":{"line":96,"column":13},"end":{"line":96,"column":18}},"loc":{"start":{"line":96,"column":29},"end":{"line":110,"column":5}},"line":96},"6":{"name":"(anonymous_6)","decl":{"start":{"line":101,"column":37},"end":{"line":101,"column":38}},"loc":{"start":{"line":101,"column":52},"end":{"line":104,"column":9}},"line":101},"7":{"name":"(anonymous_7)","decl":{"start":{"line":106,"column":57},"end":{"line":106,"column":58}},"loc":{"start":{"line":106,"column":62},"end":{"line":106,"column":77}},"line":106},"8":{"name":"(anonymous_8)","decl":{"start":{"line":120,"column":13},"end":{"line":120,"column":18}},"loc":{"start":{"line":120,"column":29},"end":{"line":126,"column":5}},"line":120},"9":{"name":"(anonymous_9)","decl":{"start":{"line":137,"column":13},"end":{"line":137,"column":18}},"loc":{"start":{"line":137,"column":29},"end":{"line":161,"column":5}},"line":137},"10":{"name":"(anonymous_10)","decl":{"start":{"line":157,"column":22},"end":{"line":157,"column":23}},"loc":{"start":{"line":157,"column":32},"end":{"line":157,"column":88}},"line":157},"11":{"name":"(anonymous_11)","decl":{"start":{"line":172,"column":13},"end":{"line":172,"column":18}},"loc":{"start":{"line":172,"column":29},"end":{"line":185,"column":5}},"line":172}},"branchMap":{"0":{"loc":{"start":{"line":22,"column":41},"end":{"line":22,"column":87}},"type":"cond-expr","locations":[{"start":{"line":22,"column":65},"end":{"line":22,"column":82}},{"start":{"line":22,"column":85},"end":{"line":22,"column":87}}],"line":22},"1":{"loc":{"start":{"line":40,"column":8},"end":{"line":40,"column":null}},"type":"if","locations":[{"start":{"line":40,"column":8},"end":{"line":40,"column":null}},{"start":{},"end":{}}],"line":40},"2":{"loc":{"start":{"line":60,"column":8},"end":{"line":60,"column":null}},"type":"if","locations":[{"start":{"line":60,"column":8},"end":{"line":60,"column":null}},{"start":{},"end":{}}],"line":60},"3":{"loc":{"start":{"line":77,"column":18},"end":{"line":77,"column":34}},"type":"binary-expr","locations":[{"start":{"line":77,"column":18},"end":{"line":77,"column":27}},{"start":{"line":77,"column":31},"end":{"line":77,"column":34}}],"line":77},"4":{"loc":{"start":{"line":100,"column":24},"end":{"line":100,"column":87}},"type":"cond-expr","locations":[{"start":{"line":100,"column":46},"end":{"line":100,"column":58}},{"start":{"line":100,"column":61},"end":{"line":100,"column":87}}],"line":100},"5":{"loc":{"start":{"line":102,"column":25},"end":{"line":102,"column":72}},"type":"cond-expr","locations":[{"start":{"line":102,"column":47},"end":{"line":102,"column":51}},{"start":{"line":102,"column":54},"end":{"line":102,"column":72}}],"line":102},"6":{"loc":{"start":{"line":105,"column":8},"end":{"line":105,"column":null}},"type":"if","locations":[{"start":{"line":105,"column":8},"end":{"line":105,"column":null}},{"start":{},"end":{}}],"line":105},"7":{"loc":{"start":{"line":122,"column":16},"end":{"line":122,"column":41}},"type":"binary-expr","locations":[{"start":{"line":122,"column":16},"end":{"line":122,"column":27}},{"start":{"line":122,"column":31},"end":{"line":122,"column":41}}],"line":122},"8":{"loc":{"start":{"line":123,"column":6},"end":{"line":123,"column":null}},"type":"if","locations":[{"start":{"line":123,"column":6},"end":{"line":123,"column":null}},{"start":{},"end":{}}],"line":123},"9":{"loc":{"start":{"line":124,"column":6},"end":{"line":124,"column":null}},"type":"if","locations":[{"start":{"line":124,"column":6},"end":{"line":124,"column":null}},{"start":{},"end":{}}],"line":124},"10":{"loc":{"start":{"line":140,"column":18},"end":{"line":140,"column":39}},"type":"binary-expr","locations":[{"start":{"line":140,"column":18},"end":{"line":140,"column":34}},{"start":{"line":140,"column":38},"end":{"line":140,"column":39}}],"line":140},"11":{"loc":{"start":{"line":150,"column":8},"end":{"line":150,"column":null}},"type":"if","locations":[{"start":{"line":150,"column":8},"end":{"line":150,"column":null}},{"start":{},"end":{}}],"line":150},"12":{"loc":{"start":{"line":153,"column":25},"end":{"line":153,"column":43}},"type":"binary-expr","locations":[{"start":{"line":153,"column":25},"end":{"line":153,"column":37}},{"start":{"line":153,"column":41},"end":{"line":153,"column":43}}],"line":153},"13":{"loc":{"start":{"line":154,"column":8},"end":{"line":154,"column":null}},"type":"if","locations":[{"start":{"line":154,"column":8},"end":{"line":154,"column":null}},{"start":{},"end":{}}],"line":154},"14":{"loc":{"start":{"line":178,"column":8},"end":{"line":178,"column":null}},"type":"if","locations":[{"start":{"line":178,"column":8},"end":{"line":178,"column":null}},{"start":{},"end":{}}],"line":178},"15":{"loc":{"start":{"line":180,"column":20},"end":{"line":180,"column":43}},"type":"binary-expr","locations":[{"start":{"line":180,"column":20},"end":{"line":180,"column":35}},{"start":{"line":180,"column":39},"end":{"line":180,"column":43}}],"line":180},"16":{"loc":{"start":{"line":181,"column":37},"end":{"line":181,"column":79}},"type":"cond-expr","locations":[{"start":{"line":181,"column":57},"end":{"line":181,"column":74}},{"start":{"line":181,"column":77},"end":{"line":181,"column":79}}],"line":181}},"s":{"0":1,"1":1,"2":3,"3":0,"4":0,"5":0,"6":0,"7":3,"8":0,"9":0,"10":0,"11":0,"12":0,"13":0,"14":0,"15":3,"16":0,"17":0,"18":0,"19":0,"20":0,"21":0,"22":0,"23":3,"24":0,"25":0,"26":0,"27":0,"28":0,"29":3,"30":0,"31":0,"32":0,"33":0,"34":0,"35":0,"36":0,"37":0,"38":0,"39":0,"40":0,"41":0,"42":3,"43":0,"44":0,"45":0,"46":0,"47":0,"48":0,"49":0,"50":3,"51":0,"52":0,"53":0,"54":0,"55":0,"56":0,"57":0,"58":0,"59":0,"60":0,"61":0,"62":0,"63":0,"64":3,"65":0,"66":0,"67":0,"68":0,"69":0,"70":0,"71":0,"72":0,"73":1},"f":{"0":3,"1":0,"2":0,"3":0,"4":0,"5":0,"6":0,"7":0,"8":0,"9":0,"10":0,"11":0},"b":{"0":[0,0],"1":[0,0],"2":[0,0],"3":[0,0],"4":[0,0],"5":[0,0],"6":[0,0],"7":[0,0],"8":[0,0],"9":[0,0],"10":[0,0],"11":[0,0],"12":[0,0],"13":[0,0],"14":[0,0],"15":[0,0],"16":[0,0]},"meta":{"lastBranch":17,"lastFunction":12,"lastStatement":74,"seen":{"s:8:11:8:24":0,"s:9:13:9:28":1,"f:11:9:11:29":0,"s:13:2:27:Infinity":2,"f:19:13:19:18":1,"s:20:6:25:Infinity":3,"s:21:24:21:59":4,"s:22:8:22:Infinity":5,"b:22:65:22:82:22:85:22:87":0,"s:24:8:24:Infinity":6,"s:30:2:47:Infinity":7,"f:37:13:37:18":2,"s:38:6:45:Infinity":8,"s:39:20:39:43":9,"b:40:8:40:Infinity:undefined:undefined:undefined:undefined":1,"s:40:8:40:Infinity":10,"s:40:33:40:Infinity":11,"s:41:8:41:Infinity":12,"s:42:8:42:Infinity":13,"s:44:8:44:Infinity":14,"s:50:2:67:Infinity":15,"f:57:13:57:18":3,"s:58:6:65:Infinity":16,"s:59:20:59:43":17,"b:60:8:60:Infinity:undefined:undefined:undefined:undefined":2,"s:60:8:60:Infinity":18,"s:60:33:60:Infinity":19,"s:61:8:61:Infinity":20,"s:62:8:62:Infinity":21,"s:64:8:64:Infinity":22,"s:70:2:85:Infinity":23,"f:76:13:76:18":4,"s:77:18:77:34":24,"b:77:18:77:27:77:31:77:34":3,"s:78:6:83:Infinity":25,"s:79:22:79:41":26,"s:80:8:80:Infinity":27,"s:82:8:82:Infinity":28,"s:88:2:111:Infinity":29,"f:96:13:96:18":5,"s:97:6:109:Infinity":30,"s:98:24:98:59":31,"s:99:22:99:41":32,"s:100:24:100:87":33,"b:100:46:100:58:100:61:100:87":4,"s:101:24:104:10":34,"f:101:37:101:38":6,"s:102:25:102:72":35,"b:102:47:102:51:102:54:102:72":5,"s:103:10:103:Infinity":36,"b:105:8:105:Infinity:undefined:undefined:undefined:undefined":6,"s:105:8:105:Infinity":37,"s:105:34:105:Infinity":38,"s:106:8:106:Infinity":39,"f:106:57:106:58":7,"s:106:62:106:77":40,"s:108:8:108:Infinity":41,"s:114:2:127:Infinity":42,"f:120:13:120:18":8,"s:121:18:121:28":43,"s:122:16:122:41":44,"b:122:16:122:27:122:31:122:41":7,"b:123:6:123:Infinity:undefined:undefined:undefined:undefined":8,"s:123:6:123:Infinity":45,"s:123:24:123:Infinity":46,"b:124:6:124:Infinity:undefined:undefined:undefined:undefined":9,"s:124:6:124:Infinity":47,"s:124:24:124:Infinity":48,"s:125:6:125:Infinity":49,"s:130:2:162:Infinity":50,"f:137:13:137:18":9,"s:138:6:160:Infinity":51,"s:139:22:139:32":52,"s:140:18:140:39":53,"b:140:18:140:34:140:38:140:39":10,"s:141:21:149:10":54,"b:150:8:150:Infinity:undefined:undefined:undefined:undefined":11,"s:150:8:150:Infinity":55,"s:150:22:150:Infinity":56,"s:151:21:151:38":57,"s:153:24:153:56":58,"b:153:25:153:37:153:41:153:43":12,"b:154:8:154:Infinity:undefined:undefined:undefined:undefined":13,"s:154:8:154:Infinity":59,"s:154:34:154:Infinity":60,"s:156:8:157:Infinity":61,"f:157:22:157:23":10,"s:157:32:157:88":62,"s:159:8:159:Infinity":63,"s:165:2:186:Infinity":64,"f:172:13:172:18":11,"s:173:6:184:Infinity":65,"s:174:21:177:10":66,"b:178:8:178:Infinity:undefined:undefined:undefined:undefined":14,"s:178:8:178:Infinity":67,"s:178:22:178:Infinity":68,"s:179:21:179:38":69,"s:180:20:180:43":70,"b:180:20:180:35:180:39:180:43":15,"s:181:8:181:Infinity":71,"b:181:57:181:74:181:77:181:79":16,"s:183:8:183:Infinity":72,"s:189:0:189:Infinity":73},"fnNames":{}}}
,"E:\\tep_working\\BRIDGE\\packages\\gateway\\lib\\chat-service.js": {"path":"E:\\tep_working\\BRIDGE\\packages\\gateway\\lib\\chat-service.js","statementMap":{"0":{"start":{"line":8,"column":11},"end":{"line":8,"column":24}},"1":{"start":{"line":9,"column":13},"end":{"line":9,"column":28}},"2":{"start":{"line":16,"column":16},"end":{"line":16,"column":35}},"3":{"start":{"line":17,"column":19},"end":{"line":17,"column":89}},"4":{"start":{"line":18,"column":17},"end":{"line":18,"column":45}},"5":{"start":{"line":20,"column":2},"end":{"line":27,"column":null}},"6":{"start":{"line":21,"column":21},"end":{"line":21,"column":46}},"7":{"start":{"line":22,"column":4},"end":{"line":26,"column":null}},"8":{"start":{"line":23,"column":6},"end":{"line":25,"column":null}},"9":{"start":{"line":24,"column":8},"end":{"line":24,"column":null}},"10":{"start":{"line":28,"column":2},"end":{"line":28,"column":null}},"11":{"start":{"line":35,"column":16},"end":{"line":35,"column":31}},"12":{"start":{"line":36,"column":19},"end":{"line":36,"column":21}},"13":{"start":{"line":38,"column":2},"end":{"line":42,"column":null}},"14":{"start":{"line":39,"column":17},"end":{"line":39,"column":39}},"15":{"start":{"line":40,"column":16},"end":{"line":40,"column":70}},"16":{"start":{"line":40,"column":33},"end":{"line":40,"column":69}},"17":{"start":{"line":41,"column":4},"end":{"line":41,"column":null}},"18":{"start":{"line":41,"column":43},"end":{"line":41,"column":null}},"19":{"start":{"line":43,"column":2},"end":{"line":43,"column":null}},"20":{"start":{"line":54,"column":19},"end":{"line":54,"column":49}},"21":{"start":{"line":57,"column":2},"end":{"line":63,"column":null}},"22":{"start":{"line":58,"column":4},"end":{"line":61,"column":null}},"23":{"start":{"line":59,"column":24},"end":{"line":59,"column":45}},"24":{"start":{"line":60,"column":6},"end":{"line":60,"column":null}},"25":{"start":{"line":60,"column":35},"end":{"line":60,"column":52}},"26":{"start":{"line":62,"column":4},"end":{"line":62,"column":null}},"27":{"start":{"line":66,"column":19},"end":{"line":66,"column":65}},"28":{"start":{"line":66,"column":38},"end":{"line":66,"column":49}},"29":{"start":{"line":66,"column":60},"end":{"line":66,"column":64}},"30":{"start":{"line":67,"column":2},"end":{"line":70,"column":null}},"31":{"start":{"line":68,"column":22},"end":{"line":68,"column":43}},"32":{"start":{"line":69,"column":4},"end":{"line":69,"column":null}},"33":{"start":{"line":69,"column":33},"end":{"line":69,"column":50}},"34":{"start":{"line":71,"column":2},"end":{"line":71,"column":null}},"35":{"start":{"line":79,"column":16},"end":{"line":79,"column":32}},"36":{"start":{"line":80,"column":2},"end":{"line":80,"column":null}},"37":{"start":{"line":80,"column":25},"end":{"line":80,"column":null}},"38":{"start":{"line":82,"column":15},"end":{"line":82,"column":17}},"39":{"start":{"line":83,"column":14},"end":{"line":83,"column":18}},"40":{"start":{"line":85,"column":2},"end":{"line":96,"column":null}},"41":{"start":{"line":86,"column":20},"end":{"line":86,"column":54}},"42":{"start":{"line":87,"column":4},"end":{"line":87,"column":null}},"43":{"start":{"line":88,"column":22},"end":{"line":88,"column":67}},"44":{"start":{"line":88,"column":42},"end":{"line":88,"column":59}},"45":{"start":{"line":89,"column":25},"end":{"line":89,"column":27}},"46":{"start":{"line":90,"column":4},"end":{"line":92,"column":null}},"47":{"start":{"line":90,"column":24},"end":{"line":90,"column":46}},"48":{"start":{"line":91,"column":6},"end":{"line":91,"column":null}},"49":{"start":{"line":93,"column":20},"end":{"line":94,"column":60}},"50":{"start":{"line":94,"column":26},"end":{"line":94,"column":49}},"51":{"start":{"line":95,"column":4},"end":{"line":95,"column":null}},"52":{"start":{"line":98,"column":15},"end":{"line":105,"column":31}},"53":{"start":{"line":99,"column":4},"end":{"line":99,"column":null}},"54":{"start":{"line":99,"column":27},"end":{"line":99,"column":null}},"55":{"start":{"line":100,"column":4},"end":{"line":103,"column":null}},"56":{"start":{"line":101,"column":20},"end":{"line":101,"column":38}},"57":{"start":{"line":102,"column":6},"end":{"line":102,"column":null}},"58":{"start":{"line":104,"column":4},"end":{"line":104,"column":null}},"59":{"start":{"line":107,"column":2},"end":{"line":107,"column":null}},"60":{"start":{"line":114,"column":16},"end":{"line":114,"column":35}},"61":{"start":{"line":115,"column":21},"end":{"line":115,"column":59}},"62":{"start":{"line":116,"column":31},"end":{"line":116,"column":64}},"63":{"start":{"line":118,"column":2},"end":{"line":124,"column":null}},"64":{"start":{"line":119,"column":18},"end":{"line":119,"column":20}},"65":{"start":{"line":120,"column":4},"end":{"line":120,"column":null}},"66":{"start":{"line":120,"column":18},"end":{"line":120,"column":null}},"67":{"start":{"line":121,"column":4},"end":{"line":121,"column":null}},"68":{"start":{"line":121,"column":16},"end":{"line":121,"column":null}},"69":{"start":{"line":122,"column":19},"end":{"line":122,"column":70}},"70":{"start":{"line":123,"column":4},"end":{"line":123,"column":null}},"71":{"start":{"line":126,"column":20},"end":{"line":126,"column":26}},"72":{"start":{"line":128,"column":22},"end":{"line":128,"column":24}},"73":{"start":{"line":129,"column":2},"end":{"line":129,"column":null}},"74":{"start":{"line":129,"column":16},"end":{"line":129,"column":null}},"75":{"start":{"line":130,"column":2},"end":{"line":130,"column":null}},"76":{"start":{"line":130,"column":14},"end":{"line":130,"column":null}},"77":{"start":{"line":131,"column":17},"end":{"line":131,"column":80}},"78":{"start":{"line":133,"column":17},"end":{"line":134,"column":4}},"79":{"start":{"line":136,"column":2},"end":{"line":136,"column":null}},"80":{"start":{"line":139,"column":0},"end":{"line":142,"column":null}}},"fnMap":{"0":{"name":"loadAgentFiles","decl":{"start":{"line":15,"column":9},"end":{"line":15,"column":23}},"loc":{"start":{"line":15,"column":43},"end":{"line":29,"column":null}},"line":15},"1":{"name":"parseMentions","decl":{"start":{"line":34,"column":9},"end":{"line":34,"column":22}},"loc":{"start":{"line":34,"column":40},"end":{"line":44,"column":null}},"line":34},"2":{"name":"(anonymous_2)","decl":{"start":{"line":40,"column":28},"end":{"line":40,"column":29}},"loc":{"start":{"line":40,"column":33},"end":{"line":40,"column":69}},"line":40},"3":{"name":"determineResponders","decl":{"start":{"line":53,"column":9},"end":{"line":53,"column":28}},"loc":{"start":{"line":53,"column":60},"end":{"line":72,"column":null}},"line":53},"4":{"name":"(anonymous_4)","decl":{"start":{"line":60,"column":29},"end":{"line":60,"column":31}},"loc":{"start":{"line":60,"column":35},"end":{"line":60,"column":52}},"line":60},"5":{"name":"(anonymous_5)","decl":{"start":{"line":66,"column":33},"end":{"line":66,"column":34}},"loc":{"start":{"line":66,"column":38},"end":{"line":66,"column":49}},"line":66},"6":{"name":"(anonymous_6)","decl":{"start":{"line":66,"column":55},"end":{"line":66,"column":56}},"loc":{"start":{"line":66,"column":60},"end":{"line":66,"column":64}},"line":66},"7":{"name":"(anonymous_7)","decl":{"start":{"line":69,"column":27},"end":{"line":69,"column":29}},"loc":{"start":{"line":69,"column":33},"end":{"line":69,"column":50}},"line":69},"8":{"name":"buildTranscript","decl":{"start":{"line":78,"column":9},"end":{"line":78,"column":24}},"loc":{"start":{"line":78,"column":53},"end":{"line":108,"column":null}},"line":78},"9":{"name":"(anonymous_9)","decl":{"start":{"line":88,"column":37},"end":{"line":88,"column":38}},"loc":{"start":{"line":88,"column":42},"end":{"line":88,"column":59}},"line":88},"10":{"name":"(anonymous_10)","decl":{"start":{"line":90,"column":19},"end":{"line":90,"column":20}},"loc":{"start":{"line":90,"column":24},"end":{"line":90,"column":46}},"line":90},"11":{"name":"(anonymous_11)","decl":{"start":{"line":90,"column":56},"end":{"line":90,"column":57}},"loc":{"start":{"line":90,"column":61},"end":{"line":92,"column":5}},"line":90},"12":{"name":"(anonymous_12)","decl":{"start":{"line":94,"column":11},"end":{"line":94,"column":12}},"loc":{"start":{"line":94,"column":26},"end":{"line":94,"column":49}},"line":94},"13":{"name":"(anonymous_13)","decl":{"start":{"line":98,"column":25},"end":{"line":98,"column":26}},"loc":{"start":{"line":98,"column":30},"end":{"line":105,"column":3}},"line":98},"14":{"name":"buildAgentPrompt","decl":{"start":{"line":113,"column":9},"end":{"line":113,"column":25}},"loc":{"start":{"line":113,"column":84},"end":{"line":137,"column":null}},"line":113}},"branchMap":{"0":{"loc":{"start":{"line":17,"column":19},"end":{"line":17,"column":89}},"type":"binary-expr","locations":[{"start":{"line":17,"column":19},"end":{"line":17,"column":34}},{"start":{"line":17,"column":38},"end":{"line":17,"column":89}}],"line":17},"1":{"loc":{"start":{"line":23,"column":6},"end":{"line":25,"column":null}},"type":"if","locations":[{"start":{"line":23,"column":6},"end":{"line":25,"column":null}},{"start":{},"end":{}}],"line":23},"2":{"loc":{"start":{"line":40,"column":33},"end":{"line":40,"column":69}},"type":"binary-expr","locations":[{"start":{"line":40,"column":33},"end":{"line":40,"column":46}},{"start":{"line":40,"column":50},"end":{"line":40,"column":69}}],"line":40},"3":{"loc":{"start":{"line":41,"column":4},"end":{"line":41,"column":null}},"type":"if","locations":[{"start":{"line":41,"column":4},"end":{"line":41,"column":null}},{"start":{},"end":{}}],"line":41},"4":{"loc":{"start":{"line":41,"column":8},"end":{"line":41,"column":41}},"type":"binary-expr","locations":[{"start":{"line":41,"column":8},"end":{"line":41,"column":11}},{"start":{"line":41,"column":15},"end":{"line":41,"column":41}}],"line":41},"5":{"loc":{"start":{"line":57,"column":2},"end":{"line":63,"column":null}},"type":"if","locations":[{"start":{"line":57,"column":2},"end":{"line":63,"column":null}},{"start":{},"end":{}}],"line":57},"6":{"loc":{"start":{"line":58,"column":4},"end":{"line":61,"column":null}},"type":"if","locations":[{"start":{"line":58,"column":4},"end":{"line":61,"column":null}},{"start":{},"end":{}}],"line":58},"7":{"loc":{"start":{"line":58,"column":8},"end":{"line":58,"column":47}},"type":"binary-expr","locations":[{"start":{"line":58,"column":8},"end":{"line":58,"column":20}},{"start":{"line":58,"column":24},"end":{"line":58,"column":47}}],"line":58},"8":{"loc":{"start":{"line":67,"column":2},"end":{"line":70,"column":null}},"type":"if","locations":[{"start":{"line":67,"column":2},"end":{"line":70,"column":null}},{"start":{},"end":{}}],"line":67},"9":{"loc":{"start":{"line":67,"column":6},"end":{"line":67,"column":45}},"type":"binary-expr","locations":[{"start":{"line":67,"column":6},"end":{"line":67,"column":18}},{"start":{"line":67,"column":22},"end":{"line":67,"column":45}}],"line":67},"10":{"loc":{"start":{"line":79,"column":16},"end":{"line":79,"column":32}},"type":"binary-expr","locations":[{"start":{"line":79,"column":16},"end":{"line":79,"column":26}},{"start":{"line":79,"column":30},"end":{"line":79,"column":32}}],"line":79},"11":{"loc":{"start":{"line":80,"column":2},"end":{"line":80,"column":null}},"type":"if","locations":[{"start":{"line":80,"column":2},"end":{"line":80,"column":null}},{"start":{},"end":{}}],"line":80},"12":{"loc":{"start":{"line":85,"column":2},"end":{"line":96,"column":null}},"type":"if","locations":[{"start":{"line":85,"column":2},"end":{"line":96,"column":null}},{"start":{},"end":{}}],"line":85},"13":{"loc":{"start":{"line":91,"column":30},"end":{"line":91,"column":55}},"type":"binary-expr","locations":[{"start":{"line":91,"column":30},"end":{"line":91,"column":50}},{"start":{"line":91,"column":54},"end":{"line":91,"column":55}}],"line":91},"14":{"loc":{"start":{"line":94,"column":29},"end":{"line":94,"column":41}},"type":"binary-expr","locations":[{"start":{"line":94,"column":29},"end":{"line":94,"column":33}},{"start":{"line":94,"column":37},"end":{"line":94,"column":41}}],"line":94},"15":{"loc":{"start":{"line":99,"column":4},"end":{"line":99,"column":null}},"type":"if","locations":[{"start":{"line":99,"column":4},"end":{"line":99,"column":null}},{"start":{},"end":{}}],"line":99},"16":{"loc":{"start":{"line":100,"column":4},"end":{"line":103,"column":null}},"type":"if","locations":[{"start":{"line":100,"column":4},"end":{"line":103,"column":null}},{"start":{},"end":{}}],"line":100},"17":{"loc":{"start":{"line":102,"column":13},"end":{"line":102,"column":90}},"type":"cond-expr","locations":[{"start":{"line":102,"column":21},"end":{"line":102,"column":70}},{"start":{"line":102,"column":73},"end":{"line":102,"column":90}}],"line":102},"18":{"loc":{"start":{"line":102,"column":24},"end":{"line":102,"column":41}},"type":"binary-expr","locations":[{"start":{"line":102,"column":24},"end":{"line":102,"column":35}},{"start":{"line":102,"column":39},"end":{"line":102,"column":41}}],"line":102},"19":{"loc":{"start":{"line":118,"column":2},"end":{"line":124,"column":null}},"type":"if","locations":[{"start":{"line":118,"column":2},"end":{"line":124,"column":null}},{"start":{},"end":{}}],"line":118},"20":{"loc":{"start":{"line":118,"column":6},"end":{"line":118,"column":41}},"type":"binary-expr","locations":[{"start":{"line":118,"column":6},"end":{"line":118,"column":13}},{"start":{"line":118,"column":17},"end":{"line":118,"column":41}}],"line":118},"21":{"loc":{"start":{"line":120,"column":4},"end":{"line":120,"column":null}},"type":"if","locations":[{"start":{"line":120,"column":4},"end":{"line":120,"column":null}},{"start":{},"end":{}}],"line":120},"22":{"loc":{"start":{"line":121,"column":4},"end":{"line":121,"column":null}},"type":"if","locations":[{"start":{"line":121,"column":4},"end":{"line":121,"column":null}},{"start":{},"end":{}}],"line":121},"23":{"loc":{"start":{"line":122,"column":19},"end":{"line":122,"column":70}},"type":"cond-expr","locations":[{"start":{"line":122,"column":38},"end":{"line":122,"column":65}},{"start":{"line":122,"column":68},"end":{"line":122,"column":70}}],"line":122},"24":{"loc":{"start":{"line":129,"column":2},"end":{"line":129,"column":null}},"type":"if","locations":[{"start":{"line":129,"column":2},"end":{"line":129,"column":null}},{"start":{},"end":{}}],"line":129},"25":{"loc":{"start":{"line":130,"column":2},"end":{"line":130,"column":null}},"type":"if","locations":[{"start":{"line":130,"column":2},"end":{"line":130,"column":null}},{"start":{},"end":{}}],"line":130},"26":{"loc":{"start":{"line":131,"column":17},"end":{"line":131,"column":80}},"type":"cond-expr","locations":[{"start":{"line":131,"column":42},"end":{"line":131,"column":75}},{"start":{"line":131,"column":78},"end":{"line":131,"column":80}}],"line":131},"27":{"loc":{"start":{"line":133,"column":94},"end":{"line":133,"column":112}},"type":"binary-expr","locations":[{"start":{"line":133,"column":94},"end":{"line":133,"column":106}},{"start":{"line":133,"column":110},"end":{"line":133,"column":112}}],"line":133},"28":{"loc":{"start":{"line":133,"column":116},"end":{"line":133,"column":138}},"type":"binary-expr","locations":[{"start":{"line":133,"column":116},"end":{"line":133,"column":127}},{"start":{"line":133,"column":131},"end":{"line":133,"column":138}}],"line":133}},"s":{"0":0,"1":0,"2":0,"3":0,"4":0,"5":0,"6":8,"7":8,"8":8,"9":2,"10":0,"11":0,"12":0,"13":0,"14":11,"15":11,"16":16,"17":11,"18":9,"19":13,"20":0,"21":0,"22":3,"23":2,"24":2,"25":3,"26":1,"27":4,"28":8,"29":6,"30":4,"31":1,"32":1,"33":3,"34":3,"35":0,"36":0,"37":4,"38":5,"39":5,"40":5,"41":1,"42":1,"43":1,"44":10,"45":1,"46":1,"47":10,"48":5,"49":1,"50":1,"51":1,"52":5,"53":69,"54":34,"55":35,"56":34,"57":34,"58":1,"59":5,"60":0,"61":0,"62":0,"63":0,"64":2,"65":2,"66":1,"67":2,"68":1,"69":2,"70":2,"71":2,"72":2,"73":2,"74":0,"75":2,"76":2,"77":2,"78":4,"79":4,"80":1},"f":{"0":0,"1":0,"2":16,"3":0,"4":3,"5":8,"6":6,"7":3,"8":0,"9":10,"10":10,"11":5,"12":1,"13":69,"14":0},"b":{"0":[0,1],"1":[2,6],"2":[16,11],"3":[9,2],"4":[11,10],"5":[3,-3],"6":[2,1],"7":[3,3],"8":[1,3],"9":[4,4],"10":[0,7],"11":[4,-4],"12":[1,4],"13":[5,1],"14":[1,0],"15":[34,35],"16":[34,1],"17":[32,2],"18":[32,0],"19":[2,-2],"20":[0,2],"21":[1,1],"22":[1,1],"23":[1,1],"24":[0,2],"25":[0,2],"26":[0,2],"27":[4,1],"28":[4,1]},"meta":{"lastBranch":29,"lastFunction":15,"lastStatement":81,"seen":{"s:8:11:8:24":0,"s:9:13:9:28":1,"f:15:9:15:23":0,"s:16:16:16:35":2,"s:17:19:17:89":3,"b:17:19:17:34:17:38:17:89":0,"s:18:17:18:45":4,"s:20:2:27:Infinity":5,"s:21:21:21:46":6,"s:22:4:26:Infinity":7,"b:23:6:25:Infinity:undefined:undefined:undefined:undefined":1,"s:23:6:25:Infinity":8,"s:24:8:24:Infinity":9,"s:28:2:28:Infinity":10,"f:34:9:34:22":1,"s:35:16:35:31":11,"s:36:19:36:21":12,"s:38:2:42:Infinity":13,"s:39:17:39:39":14,"s:40:16:40:70":15,"f:40:28:40:29":2,"s:40:33:40:69":16,"b:40:33:40:46:40:50:40:69":2,"b:41:4:41:Infinity:undefined:undefined:undefined:undefined":3,"s:41:4:41:Infinity":17,"b:41:8:41:11:41:15:41:41":4,"s:41:43:41:Infinity":18,"s:43:2:43:Infinity":19,"f:53:9:53:28":3,"s:54:19:54:49":20,"b:57:2:63:Infinity:undefined:undefined:undefined:undefined":5,"s:57:2:63:Infinity":21,"b:58:4:61:Infinity:undefined:undefined:undefined:undefined":6,"s:58:4:61:Infinity":22,"b:58:8:58:20:58:24:58:47":7,"s:59:24:59:45":23,"s:60:6:60:Infinity":24,"f:60:29:60:31":4,"s:60:35:60:52":25,"s:62:4:62:Infinity":26,"s:66:19:66:65":27,"f:66:33:66:34":5,"s:66:38:66:49":28,"f:66:55:66:56":6,"s:66:60:66:64":29,"b:67:2:70:Infinity:undefined:undefined:undefined:undefined":8,"s:67:2:70:Infinity":30,"b:67:6:67:18:67:22:67:45":9,"s:68:22:68:43":31,"s:69:4:69:Infinity":32,"f:69:27:69:29":7,"s:69:33:69:50":33,"s:71:2:71:Infinity":34,"f:78:9:78:24":8,"s:79:16:79:32":35,"b:79:16:79:26:79:30:79:32":10,"b:80:2:80:Infinity:undefined:undefined:undefined:undefined":11,"s:80:2:80:Infinity":36,"s:80:25:80:Infinity":37,"s:82:15:82:17":38,"s:83:14:83:18":39,"b:85:2:96:Infinity:undefined:undefined:undefined:undefined":12,"s:85:2:96:Infinity":40,"s:86:20:86:54":41,"s:87:4:87:Infinity":42,"s:88:22:88:67":43,"f:88:37:88:38":9,"s:88:42:88:59":44,"s:89:25:89:27":45,"s:90:4:92:Infinity":46,"f:90:19:90:20":10,"s:90:24:90:46":47,"f:90:56:90:57":11,"s:91:6:91:Infinity":48,"b:91:30:91:50:91:54:91:55":13,"s:93:20:94:60":49,"f:94:11:94:12":12,"s:94:26:94:49":50,"b:94:29:94:33:94:37:94:41":14,"s:95:4:95:Infinity":51,"s:98:15:105:31":52,"f:98:25:98:26":13,"b:99:4:99:Infinity:undefined:undefined:undefined:undefined":15,"s:99:4:99:Infinity":53,"s:99:27:99:Infinity":54,"b:100:4:103:Infinity:undefined:undefined:undefined:undefined":16,"s:100:4:103:Infinity":55,"s:101:20:101:38":56,"s:102:6:102:Infinity":57,"b:102:21:102:70:102:73:102:90":17,"b:102:24:102:35:102:39:102:41":18,"s:104:4:104:Infinity":58,"s:107:2:107:Infinity":59,"f:113:9:113:25":14,"s:114:16:114:35":60,"s:115:21:115:59":61,"s:116:31:116:64":62,"b:118:2:124:Infinity:undefined:undefined:undefined:undefined":19,"s:118:2:124:Infinity":63,"b:118:6:118:13:118:17:118:41":20,"s:119:18:119:20":64,"b:120:4:120:Infinity:undefined:undefined:undefined:undefined":21,"s:120:4:120:Infinity":65,"s:120:18:120:Infinity":66,"b:121:4:121:Infinity:undefined:undefined:undefined:undefined":22,"s:121:4:121:Infinity":67,"s:121:16:121:Infinity":68,"s:122:19:122:70":69,"b:122:38:122:65:122:68:122:70":23,"s:123:4:123:Infinity":70,"s:126:20:126:26":71,"s:128:22:128:24":72,"b:129:2:129:Infinity:undefined:undefined:undefined:undefined":24,"s:129:2:129:Infinity":73,"s:129:16:129:Infinity":74,"b:130:2:130:Infinity:undefined:undefined:undefined:undefined":25,"s:130:2:130:Infinity":75,"s:130:14:130:Infinity":76,"s:131:17:131:80":77,"b:131:42:131:75:131:78:131:80":26,"s:133:17:134:4":78,"b:133:94:133:106:133:110:133:112":27,"b:133:116:133:127:133:131:133:138":28,"s:136:2:136:Infinity":79,"s:139:0:142:Infinity":80},"fnNames":{}}}
,"E:\\tep_working\\BRIDGE\\packages\\gateway\\lib\\logger.js": {"path":"E:\\tep_working\\BRIDGE\\packages\\gateway\\lib\\logger.js","statementMap":{"0":{"start":{"line":8,"column":11},"end":{"line":8,"column":24}},"1":{"start":{"line":9,"column":13},"end":{"line":9,"column":28}},"2":{"start":{"line":11,"column":19},"end":{"line":11,"column":59}},"3":{"start":{"line":12,"column":19},"end":{"line":18,"column":1}},"4":{"start":{"line":20,"column":22},"end":{"line":20,"column":28}},"5":{"start":{"line":22,"column":14},"end":{"line":22,"column":18}},"6":{"start":{"line":23,"column":14},"end":{"line":23,"column":19}},"7":{"start":{"line":26,"column":2},"end":{"line":28,"column":null}},"8":{"start":{"line":27,"column":4},"end":{"line":27,"column":null}},"9":{"start":{"line":29,"column":2},"end":{"line":29,"column":null}},"10":{"start":{"line":33,"column":14},"end":{"line":33,"column":69}},"11":{"start":{"line":34,"column":2},"end":{"line":34,"column":null}},"12":{"start":{"line":38,"column":2},"end":{"line":38,"column":null}},"13":{"start":{"line":38,"column":18},"end":{"line":38,"column":103}},"14":{"start":{"line":38,"column":34},"end":{"line":38,"column":85}},"15":{"start":{"line":38,"column":86},"end":{"line":38,"column":101}},"16":{"start":{"line":38,"column":104},"end":{"line":38,"column":117}},"17":{"start":{"line":39,"column":2},"end":{"line":39,"column":null}},"18":{"start":{"line":43,"column":16},"end":{"line":43,"column":53}},"19":{"start":{"line":44,"column":15},"end":{"line":44,"column":46}},"20":{"start":{"line":46,"column":15},"end":{"line":46,"column":59}},"21":{"start":{"line":47,"column":2},"end":{"line":47,"column":null}},"22":{"start":{"line":51,"column":16},"end":{"line":57,"column":3}},"23":{"start":{"line":58,"column":15},"end":{"line":58,"column":36}},"24":{"start":{"line":60,"column":2},"end":{"line":63,"column":null}},"25":{"start":{"line":61,"column":19},"end":{"line":61,"column":101}},"26":{"start":{"line":62,"column":4},"end":{"line":62,"column":null}},"27":{"start":{"line":65,"column":2},"end":{"line":70,"column":null}},"28":{"start":{"line":66,"column":21},"end":{"line":66,"column":35}},"29":{"start":{"line":67,"column":4},"end":{"line":67,"column":null}},"30":{"start":{"line":69,"column":4},"end":{"line":69,"column":null}},"31":{"start":{"line":74,"column":2},"end":{"line":74,"column":null}},"32":{"start":{"line":74,"column":30},"end":{"line":74,"column":null}},"33":{"start":{"line":77,"column":15},"end":{"line":82,"column":1}},"34":{"start":{"line":78,"column":29},"end":{"line":78,"column":57}},"35":{"start":{"line":79,"column":29},"end":{"line":79,"column":57}},"36":{"start":{"line":80,"column":29},"end":{"line":80,"column":57}},"37":{"start":{"line":81,"column":29},"end":{"line":81,"column":57}},"38":{"start":{"line":84,"column":0},"end":{"line":84,"column":null}}},"fnMap":{"0":{"name":"init","decl":{"start":{"line":25,"column":9},"end":{"line":25,"column":13}},"loc":{"start":{"line":25,"column":68},"end":{"line":30,"column":null}},"line":25},"1":{"name":"_levelOf","decl":{"start":{"line":32,"column":9},"end":{"line":32,"column":17}},"loc":{"start":{"line":32,"column":23},"end":{"line":35,"column":null}},"line":32},"2":{"name":"_shouldLog","decl":{"start":{"line":37,"column":9},"end":{"line":37,"column":19}},"loc":{"start":{"line":37,"column":32},"end":{"line":40,"column":null}},"line":37},"3":{"name":"_filePath","decl":{"start":{"line":42,"column":9},"end":{"line":42,"column":18}},"loc":{"start":{"line":42,"column":24},"end":{"line":48,"column":null}},"line":42},"4":{"name":"_write","decl":{"start":{"line":50,"column":9},"end":{"line":50,"column":15}},"loc":{"start":{"line":50,"column":39},"end":{"line":71,"column":null}},"line":50},"5":{"name":"log","decl":{"start":{"line":73,"column":9},"end":{"line":73,"column":12}},"loc":{"start":{"line":73,"column":36},"end":{"line":75,"column":null}},"line":73},"6":{"name":"(anonymous_6)","decl":{"start":{"line":78,"column":9},"end":{"line":78,"column":10}},"loc":{"start":{"line":78,"column":29},"end":{"line":78,"column":57}},"line":78},"7":{"name":"(anonymous_7)","decl":{"start":{"line":79,"column":9},"end":{"line":79,"column":10}},"loc":{"start":{"line":79,"column":29},"end":{"line":79,"column":57}},"line":79},"8":{"name":"(anonymous_8)","decl":{"start":{"line":80,"column":9},"end":{"line":80,"column":10}},"loc":{"start":{"line":80,"column":29},"end":{"line":80,"column":57}},"line":80},"9":{"name":"(anonymous_9)","decl":{"start":{"line":81,"column":9},"end":{"line":81,"column":10}},"loc":{"start":{"line":81,"column":29},"end":{"line":81,"column":57}},"line":81}},"branchMap":{"0":{"loc":{"start":{"line":25,"column":24},"end":{"line":25,"column":35}},"type":"default-arg","locations":[{"start":{"line":25,"column":33},"end":{"line":25,"column":35}}],"line":25},"1":{"loc":{"start":{"line":25,"column":46},"end":{"line":25,"column":64}},"type":"default-arg","locations":[{"start":{"line":25,"column":59},"end":{"line":25,"column":64}}],"line":25},"2":{"loc":{"start":{"line":26,"column":2},"end":{"line":28,"column":null}},"type":"if","locations":[{"start":{"line":26,"column":2},"end":{"line":28,"column":null}},{"start":{},"end":{}}],"line":26},"3":{"loc":{"start":{"line":33,"column":15},"end":{"line":33,"column":54}},"type":"binary-expr","locations":[{"start":{"line":33,"column":15},"end":{"line":33,"column":37}},{"start":{"line":33,"column":41},"end":{"line":33,"column":54}}],"line":33},"4":{"loc":{"start":{"line":34,"column":9},"end":{"line":34,"column":53}},"type":"binary-expr","locations":[{"start":{"line":34,"column":9},"end":{"line":34,"column":24}},{"start":{"line":34,"column":28},"end":{"line":34,"column":53}}],"line":34},"5":{"loc":{"start":{"line":38,"column":2},"end":{"line":38,"column":null}},"type":"if","locations":[{"start":{"line":38,"column":2},"end":{"line":38,"column":null}},{"start":{},"end":{}}],"line":38},"6":{"loc":{"start":{"line":38,"column":18},"end":{"line":38,"column":103}},"type":"if","locations":[{"start":{"line":38,"column":18},"end":{"line":38,"column":103}},{"start":{},"end":{}}],"line":38},"7":{"loc":{"start":{"line":44,"column":15},"end":{"line":44,"column":46}},"type":"binary-expr","locations":[{"start":{"line":44,"column":15},"end":{"line":44,"column":30}},{"start":{"line":44,"column":34},"end":{"line":44,"column":46}}],"line":44},"8":{"loc":{"start":{"line":56,"column":8},"end":{"line":56,"column":18}},"type":"binary-expr","locations":[{"start":{"line":56,"column":8},"end":{"line":56,"column":12}},{"start":{"line":56,"column":16},"end":{"line":56,"column":18}}],"line":56},"9":{"loc":{"start":{"line":60,"column":2},"end":{"line":63,"column":null}},"type":"if","locations":[{"start":{"line":60,"column":2},"end":{"line":63,"column":null}},{"start":{},"end":{}}],"line":60},"10":{"loc":{"start":{"line":61,"column":27},"end":{"line":61,"column":84}},"type":"cond-expr","locations":[{"start":{"line":61,"column":47},"end":{"line":61,"column":51}},{"start":{"line":61,"column":54},"end":{"line":61,"column":84}}],"line":61},"11":{"loc":{"start":{"line":61,"column":54},"end":{"line":61,"column":84}},"type":"cond-expr","locations":[{"start":{"line":61,"column":73},"end":{"line":61,"column":77}},{"start":{"line":61,"column":80},"end":{"line":61,"column":84}}],"line":61},"12":{"loc":{"start":{"line":74,"column":2},"end":{"line":74,"column":null}},"type":"if","locations":[{"start":{"line":74,"column":2},"end":{"line":74,"column":null}},{"start":{},"end":{}}],"line":74}},"s":{"0":2,"1":2,"2":2,"3":2,"4":2,"5":2,"6":2,"7":20,"8":1,"9":20,"10":26,"11":26,"12":26,"13":0,"14":0,"15":0,"16":0,"17":26,"18":24,"19":24,"20":24,"21":24,"22":24,"23":24,"24":24,"25":0,"26":0,"27":24,"28":24,"29":24,"30":0,"31":26,"32":24,"33":2,"34":2,"35":16,"36":4,"37":4,"38":2},"f":{"0":20,"1":26,"2":26,"3":24,"4":24,"5":26,"6":2,"7":16,"8":4,"9":4},"b":{"0":[20],"1":[20],"2":[1,19],"3":[26,15],"4":[26,0],"5":[0,26],"6":[0,0],"7":[24,1],"8":[24,11],"9":[0,24],"10":[0,0],"11":[0,0],"12":[24,2]},"meta":{"lastBranch":13,"lastFunction":10,"lastStatement":39,"seen":{"s:8:11:8:24":0,"s:9:13:9:28":1,"s:11:19:11:59":2,"s:12:19:18:1":3,"s:20:22:20:28":4,"s:22:14:22:18":5,"s:23:14:23:19":6,"f:25:9:25:13":0,"b:25:33:25:35":0,"b:25:59:25:64":1,"b:26:2:28:Infinity:undefined:undefined:undefined:undefined":2,"s:26:2:28:Infinity":7,"s:27:4:27:Infinity":8,"s:29:2:29:Infinity":9,"f:32:9:32:17":1,"s:33:14:33:69":10,"b:33:15:33:37:33:41:33:54":3,"s:34:2:34:Infinity":11,"b:34:9:34:24:34:28:34:53":4,"f:37:9:37:19":2,"b:38:2:38:Infinity:undefined:undefined:undefined:undefined":5,"s:38:2:38:Infinity":12,"b:38:18:38:103:undefined:undefined:undefined:undefined":6,"s:38:18:38:103":13,"s:38:34:38:85":14,"s:38:86:38:101":15,"s:38:104:38:117":16,"s:39:2:39:Infinity":17,"f:42:9:42:18":3,"s:43:16:43:53":18,"s:44:15:44:46":19,"b:44:15:44:30:44:34:44:46":7,"s:46:15:46:59":20,"s:47:2:47:Infinity":21,"f:50:9:50:15":4,"s:51:16:57:3":22,"b:56:8:56:12:56:16:56:18":8,"s:58:15:58:36":23,"b:60:2:63:Infinity:undefined:undefined:undefined:undefined":9,"s:60:2:63:Infinity":24,"s:61:19:61:101":25,"b:61:47:61:51:61:54:61:84":10,"b:61:73:61:77:61:80:61:84":11,"s:62:4:62:Infinity":26,"s:65:2:70:Infinity":27,"s:66:21:66:35":28,"s:67:4:67:Infinity":29,"s:69:4:69:Infinity":30,"f:73:9:73:12":5,"b:74:2:74:Infinity:undefined:undefined:undefined:undefined":12,"s:74:2:74:Infinity":31,"s:74:30:74:Infinity":32,"s:77:15:82:1":33,"f:78:9:78:10":6,"s:78:29:78:57":34,"f:79:9:79:10":7,"s:79:29:79:57":35,"f:80:9:80:10":8,"s:80:29:80:57":36,"f:81:9:81:10":9,"s:81:29:81:57":37,"s:84:0:84:Infinity":38},"fnNames":{}}}
,"E:\\tep_working\\BRIDGE\\packages\\gateway\\lib\\room-auth.js": {"path":"E:\\tep_working\\BRIDGE\\packages\\gateway\\lib\\room-auth.js","statementMap":{"0":{"start":{"line":9,"column":11},"end":{"line":9,"column":24}},"1":{"start":{"line":10,"column":13},"end":{"line":10,"column":28}},"2":{"start":{"line":11,"column":15},"end":{"line":11,"column":32}},"3":{"start":{"line":13,"column":20},"end":{"line":13,"column":38}},"4":{"start":{"line":19,"column":15},"end":{"line":19,"column":46}},"5":{"start":{"line":20,"column":2},"end":{"line":20,"column":null}},"6":{"start":{"line":20,"column":28},"end":{"line":20,"column":null}},"7":{"start":{"line":21,"column":2},"end":{"line":21,"column":null}},"8":{"start":{"line":21,"column":8},"end":{"line":21,"column":58}},"9":{"start":{"line":21,"column":69},"end":{"line":21,"column":79}},"10":{"start":{"line":28,"column":15},"end":{"line":28,"column":46}},"11":{"start":{"line":29,"column":14},"end":{"line":29,"column":27}},"12":{"start":{"line":30,"column":2},"end":{"line":30,"column":null}},"13":{"start":{"line":31,"column":2},"end":{"line":31,"column":null}},"14":{"start":{"line":39,"column":17},"end":{"line":39,"column":36}},"15":{"start":{"line":40,"column":19},"end":{"line":40,"column":33}},"16":{"start":{"line":42,"column":2},"end":{"line":44,"column":null}},"17":{"start":{"line":43,"column":4},"end":{"line":43,"column":null}},"18":{"start":{"line":45,"column":16},"end":{"line":45,"column":54}},"19":{"start":{"line":46,"column":2},"end":{"line":46,"column":null}},"20":{"start":{"line":47,"column":2},"end":{"line":47,"column":null}},"21":{"start":{"line":48,"column":2},"end":{"line":48,"column":null}},"22":{"start":{"line":55,"column":17},"end":{"line":55,"column":36}},"23":{"start":{"line":56,"column":2},"end":{"line":56,"column":null}},"24":{"start":{"line":56,"column":23},"end":{"line":56,"column":null}},"25":{"start":{"line":57,"column":2},"end":{"line":57,"column":null}},"26":{"start":{"line":58,"column":2},"end":{"line":58,"column":null}},"27":{"start":{"line":66,"column":17},"end":{"line":66,"column":36}},"28":{"start":{"line":67,"column":16},"end":{"line":67,"column":30}},"29":{"start":{"line":70,"column":2},"end":{"line":70,"column":null}},"30":{"start":{"line":70,"column":14},"end":{"line":70,"column":null}},"31":{"start":{"line":73,"column":2},"end":{"line":73,"column":null}},"32":{"start":{"line":80,"column":2},"end":{"line":80,"column":null}},"33":{"start":{"line":80,"column":56},"end":{"line":80,"column":null}},"34":{"start":{"line":81,"column":2},"end":{"line":81,"column":null}},"35":{"start":{"line":90,"column":2},"end":{"line":102,"column":null}},"36":{"start":{"line":92,"column":18},"end":{"line":92,"column":57}},"37":{"start":{"line":94,"column":4},"end":{"line":94,"column":null}},"38":{"start":{"line":94,"column":16},"end":{"line":94,"column":null}},"39":{"start":{"line":97,"column":19},"end":{"line":97,"column":81}},"40":{"start":{"line":98,"column":4},"end":{"line":100,"column":null}},"41":{"start":{"line":99,"column":6},"end":{"line":99,"column":null}},"42":{"start":{"line":101,"column":4},"end":{"line":101,"column":null}},"43":{"start":{"line":105,"column":0},"end":{"line":105,"column":null}}},"fnMap":{"0":{"name":"loadTokens","decl":{"start":{"line":18,"column":9},"end":{"line":18,"column":19}},"loc":{"start":{"line":18,"column":29},"end":{"line":22,"column":null}},"line":18},"1":{"name":"saveTokens","decl":{"start":{"line":27,"column":9},"end":{"line":27,"column":19}},"loc":{"start":{"line":27,"column":37},"end":{"line":32,"column":null}},"line":27},"2":{"name":"upsertRoomToken","decl":{"start":{"line":38,"column":9},"end":{"line":38,"column":24}},"loc":{"start":{"line":38,"column":52},"end":{"line":49,"column":null}},"line":38},"3":{"name":"deleteRoomToken","decl":{"start":{"line":54,"column":9},"end":{"line":54,"column":24}},"loc":{"start":{"line":54,"column":42},"end":{"line":59,"column":null}},"line":54},"4":{"name":"validateRoomToken","decl":{"start":{"line":65,"column":9},"end":{"line":65,"column":26}},"loc":{"start":{"line":65,"column":51},"end":{"line":74,"column":null}},"line":65},"5":{"name":"extractToken","decl":{"start":{"line":79,"column":9},"end":{"line":79,"column":21}},"loc":{"start":{"line":79,"column":34},"end":{"line":82,"column":null}},"line":79},"6":{"name":"createRoomAuthMiddleware","decl":{"start":{"line":89,"column":9},"end":{"line":89,"column":33}},"loc":{"start":{"line":89,"column":54},"end":{"line":103,"column":null}},"line":89},"7":{"name":"roomAuthMiddleware","decl":{"start":{"line":90,"column":18},"end":{"line":90,"column":36}},"loc":{"start":{"line":90,"column":53},"end":{"line":102,"column":3}},"line":90}},"branchMap":{"0":{"loc":{"start":{"line":20,"column":2},"end":{"line":20,"column":null}},"type":"if","locations":[{"start":{"line":20,"column":2},"end":{"line":20,"column":null}},{"start":{},"end":{}}],"line":20},"1":{"loc":{"start":{"line":42,"column":2},"end":{"line":44,"column":null}},"type":"if","locations":[{"start":{"line":42,"column":2},"end":{"line":44,"column":null}},{"start":{},"end":{}}],"line":42},"2":{"loc":{"start":{"line":42,"column":6},"end":{"line":42,"column":64}},"type":"binary-expr","locations":[{"start":{"line":42,"column":6},"end":{"line":42,"column":14}},{"start":{"line":42,"column":18},"end":{"line":42,"column":32}},{"start":{"line":42,"column":36},"end":{"line":42,"column":64}}],"line":42},"3":{"loc":{"start":{"line":46,"column":34},"end":{"line":46,"column":52}},"type":"binary-expr","locations":[{"start":{"line":46,"column":34},"end":{"line":46,"column":42}},{"start":{"line":46,"column":46},"end":{"line":46,"column":52}}],"line":46},"4":{"loc":{"start":{"line":56,"column":2},"end":{"line":56,"column":null}},"type":"if","locations":[{"start":{"line":56,"column":2},"end":{"line":56,"column":null}},{"start":{},"end":{}}],"line":56},"5":{"loc":{"start":{"line":70,"column":2},"end":{"line":70,"column":null}},"type":"if","locations":[{"start":{"line":70,"column":2},"end":{"line":70,"column":null}},{"start":{},"end":{}}],"line":70},"6":{"loc":{"start":{"line":80,"column":2},"end":{"line":80,"column":null}},"type":"if","locations":[{"start":{"line":80,"column":2},"end":{"line":80,"column":null}},{"start":{},"end":{}}],"line":80},"7":{"loc":{"start":{"line":80,"column":6},"end":{"line":80,"column":54}},"type":"binary-expr","locations":[{"start":{"line":80,"column":6},"end":{"line":80,"column":17}},{"start":{"line":80,"column":21},"end":{"line":80,"column":54}}],"line":80},"8":{"loc":{"start":{"line":94,"column":4},"end":{"line":94,"column":null}},"type":"if","locations":[{"start":{"line":94,"column":4},"end":{"line":94,"column":null}},{"start":{},"end":{}}],"line":94},"9":{"loc":{"start":{"line":97,"column":19},"end":{"line":97,"column":81}},"type":"binary-expr","locations":[{"start":{"line":97,"column":19},"end":{"line":97,"column":40}},{"start":{"line":97,"column":44},"end":{"line":97,"column":60}},{"start":{"line":97,"column":64},"end":{"line":97,"column":81}}],"line":97},"10":{"loc":{"start":{"line":98,"column":4},"end":{"line":100,"column":null}},"type":"if","locations":[{"start":{"line":98,"column":4},"end":{"line":100,"column":null}},{"start":{},"end":{}}],"line":98},"11":{"loc":{"start":{"line":98,"column":8},"end":{"line":98,"column":60}},"type":"binary-expr","locations":[{"start":{"line":98,"column":8},"end":{"line":98,"column":14}},{"start":{"line":98,"column":18},"end":{"line":98,"column":60}}],"line":98}},"s":{"0":1,"1":1,"2":1,"3":1,"4":26,"5":26,"6":13,"7":13,"8":13,"9":0,"10":11,"11":11,"12":11,"13":11,"14":11,"15":11,"16":11,"17":1,"18":10,"19":10,"20":11,"21":11,"22":2,"23":2,"24":1,"25":1,"26":1,"27":13,"28":13,"29":13,"30":4,"31":9,"32":4,"33":1,"34":3,"35":4,"36":4,"37":4,"38":1,"39":3,"40":4,"41":1,"42":2,"43":1},"f":{"0":26,"1":11,"2":11,"3":2,"4":13,"5":4,"6":4,"7":4},"b":{"0":[13,13],"1":[1,10],"2":[11,1,1],"3":[10,0],"4":[1,1],"5":[4,9],"6":[1,3],"7":[4,3],"8":[1,3],"9":[3,1,1],"10":[1,3],"11":[4,2]},"meta":{"lastBranch":12,"lastFunction":8,"lastStatement":44,"seen":{"s:9:11:9:24":0,"s:10:13:10:28":1,"s:11:15:11:32":2,"s:13:20:13:38":3,"f:18:9:18:19":0,"s:19:15:19:46":4,"b:20:2:20:Infinity:undefined:undefined:undefined:undefined":0,"s:20:2:20:Infinity":5,"s:20:28:20:Infinity":6,"s:21:2:21:Infinity":7,"s:21:8:21:58":8,"s:21:69:21:79":9,"f:27:9:27:19":1,"s:28:15:28:46":10,"s:29:14:29:27":11,"s:30:2:30:Infinity":12,"s:31:2:31:Infinity":13,"f:38:9:38:24":2,"s:39:17:39:36":14,"s:40:19:40:33":15,"b:42:2:44:Infinity:undefined:undefined:undefined:undefined":1,"s:42:2:44:Infinity":16,"b:42:6:42:14:42:18:42:32:42:36:42:64":2,"s:43:4:43:Infinity":17,"s:45:16:45:54":18,"s:46:2:46:Infinity":19,"b:46:34:46:42:46:46:46:52":3,"s:47:2:47:Infinity":20,"s:48:2:48:Infinity":21,"f:54:9:54:24":3,"s:55:17:55:36":22,"b:56:2:56:Infinity:undefined:undefined:undefined:undefined":4,"s:56:2:56:Infinity":23,"s:56:23:56:Infinity":24,"s:57:2:57:Infinity":25,"s:58:2:58:Infinity":26,"f:65:9:65:26":4,"s:66:17:66:36":27,"s:67:16:67:30":28,"b:70:2:70:Infinity:undefined:undefined:undefined:undefined":5,"s:70:2:70:Infinity":29,"s:70:14:70:Infinity":30,"s:73:2:73:Infinity":31,"f:79:9:79:21":5,"b:80:2:80:Infinity:undefined:undefined:undefined:undefined":6,"s:80:2:80:Infinity":32,"b:80:6:80:17:80:21:80:54":7,"s:80:56:80:Infinity":33,"s:81:2:81:Infinity":34,"f:89:9:89:33":6,"s:90:2:102:Infinity":35,"f:90:18:90:36":7,"s:92:18:92:57":36,"b:94:4:94:Infinity:undefined:undefined:undefined:undefined":8,"s:94:4:94:Infinity":37,"s:94:16:94:Infinity":38,"s:97:19:97:81":39,"b:97:19:97:40:97:44:97:60:97:64:97:81":9,"b:98:4:100:Infinity:undefined:undefined:undefined:undefined":10,"s:98:4:100:Infinity":40,"b:98:8:98:14:98:18:98:60":11,"s:99:6:99:Infinity":41,"s:101:4:101:Infinity":42,"s:105:0:105:Infinity":43},"fnNames":{}}}
,"E:\\tep_working\\BRIDGE\\packages\\gateway\\lib\\room-manager.js": {"path":"E:\\tep_working\\BRIDGE\\packages\\gateway\\lib\\room-manager.js","statementMap":{"0":{"start":{"line":8,"column":11},"end":{"line":8,"column":24}},"1":{"start":{"line":9,"column":13},"end":{"line":9,"column":28}},"2":{"start":{"line":13,"column":4},"end":{"line":13,"column":null}},"3":{"start":{"line":14,"column":4},"end":{"line":14,"column":null}},"4":{"start":{"line":15,"column":4},"end":{"line":15,"column":null}},"5":{"start":{"line":16,"column":4},"end":{"line":16,"column":null}},"6":{"start":{"line":18,"column":4},"end":{"line":18,"column":null}},"7":{"start":{"line":19,"column":4},"end":{"line":19,"column":null}},"8":{"start":{"line":20,"column":4},"end":{"line":20,"column":null}},"9":{"start":{"line":21,"column":4},"end":{"line":21,"column":null}},"10":{"start":{"line":21,"column":31},"end":{"line":21,"column":null}},"11":{"start":{"line":25,"column":15},"end":{"line":25,"column":28}},"12":{"start":{"line":26,"column":16},"end":{"line":26,"column":40}},"13":{"start":{"line":27,"column":17},"end":{"line":33,"column":5}},"14":{"start":{"line":34,"column":4},"end":{"line":34,"column":null}},"15":{"start":{"line":35,"column":4},"end":{"line":35,"column":null}},"16":{"start":{"line":36,"column":4},"end":{"line":36,"column":null}},"17":{"start":{"line":40,"column":17},"end":{"line":40,"column":35}},"18":{"start":{"line":41,"column":4},"end":{"line":41,"column":null}},"19":{"start":{"line":41,"column":15},"end":{"line":41,"column":null}},"20":{"start":{"line":42,"column":17},"end":{"line":42,"column":43}},"21":{"start":{"line":43,"column":4},"end":{"line":46,"column":null}},"22":{"start":{"line":45,"column":6},"end":{"line":45,"column":null}},"23":{"start":{"line":47,"column":19},"end":{"line":47,"column":58}},"24":{"start":{"line":48,"column":18},"end":{"line":48,"column":73}},"25":{"start":{"line":49,"column":29},"end":{"line":49,"column":71}},"26":{"start":{"line":50,"column":4},"end":{"line":59,"column":null}},"27":{"start":{"line":63,"column":17},"end":{"line":63,"column":35}},"28":{"start":{"line":64,"column":4},"end":{"line":64,"column":null}},"29":{"start":{"line":68,"column":4},"end":{"line":70,"column":null}},"30":{"start":{"line":69,"column":16},"end":{"line":69,"column":40}},"31":{"start":{"line":70,"column":22},"end":{"line":70,"column":67}},"32":{"start":{"line":74,"column":4},"end":{"line":74,"column":null}},"33":{"start":{"line":74,"column":30},"end":{"line":74,"column":null}},"34":{"start":{"line":75,"column":15},"end":{"line":75,"column":36}},"35":{"start":{"line":76,"column":4},"end":{"line":76,"column":null}},"36":{"start":{"line":76,"column":12},"end":{"line":76,"column":null}},"37":{"start":{"line":77,"column":4},"end":{"line":77,"column":null}},"38":{"start":{"line":81,"column":17},"end":{"line":81,"column":35}},"39":{"start":{"line":82,"column":4},"end":{"line":82,"column":null}},"40":{"start":{"line":82,"column":15},"end":{"line":82,"column":null}},"41":{"start":{"line":83,"column":4},"end":{"line":83,"column":null}},"42":{"start":{"line":84,"column":4},"end":{"line":84,"column":null}},"43":{"start":{"line":85,"column":4},"end":{"line":85,"column":null}},"44":{"start":{"line":86,"column":4},"end":{"line":86,"column":null}},"45":{"start":{"line":87,"column":4},"end":{"line":87,"column":null}},"46":{"start":{"line":91,"column":17},"end":{"line":91,"column":39}},"47":{"start":{"line":92,"column":4},"end":{"line":92,"column":null}},"48":{"start":{"line":92,"column":15},"end":{"line":92,"column":null}},"49":{"start":{"line":94,"column":14},"end":{"line":94,"column":16}},"50":{"start":{"line":97,"column":4},"end":{"line":97,"column":null}},"51":{"start":{"line":97,"column":38},"end":{"line":97,"column":56}},"52":{"start":{"line":100,"column":4},"end":{"line":115,"column":null}},"53":{"start":{"line":101,"column":20},"end":{"line":101,"column":61}},"54":{"start":{"line":102,"column":17},"end":{"line":102,"column":35}},"55":{"start":{"line":103,"column":6},"end":{"line":114,"column":null}},"56":{"start":{"line":104,"column":8},"end":{"line":113,"column":null}},"57":{"start":{"line":104,"column":21},"end":{"line":104,"column":44}},"58":{"start":{"line":105,"column":20},"end":{"line":105,"column":35}},"59":{"start":{"line":106,"column":10},"end":{"line":106,"column":null}},"60":{"start":{"line":106,"column":33},"end":{"line":106,"column":null}},"61":{"start":{"line":107,"column":25},"end":{"line":107,"column":48}},"62":{"start":{"line":108,"column":22},"end":{"line":108,"column":41}},"63":{"start":{"line":109,"column":10},"end":{"line":112,"column":null}},"64":{"start":{"line":110,"column":12},"end":{"line":110,"column":null}},"65":{"start":{"line":111,"column":12},"end":{"line":111,"column":null}},"66":{"start":{"line":118,"column":4},"end":{"line":125,"column":null}},"67":{"start":{"line":119,"column":20},"end":{"line":119,"column":64}},"68":{"start":{"line":120,"column":6},"end":{"line":124,"column":null}},"69":{"start":{"line":121,"column":8},"end":{"line":121,"column":null}},"70":{"start":{"line":121,"column":31},"end":{"line":121,"column":null}},"71":{"start":{"line":122,"column":20},"end":{"line":122,"column":30}},"72":{"start":{"line":123,"column":8},"end":{"line":123,"column":null}},"73":{"start":{"line":127,"column":4},"end":{"line":127,"column":null}},"74":{"start":{"line":127,"column":17},"end":{"line":127,"column":null}},"75":{"start":{"line":128,"column":4},"end":{"line":128,"column":null}},"76":{"start":{"line":129,"column":4},"end":{"line":129,"column":null}},"77":{"start":{"line":130,"column":4},"end":{"line":130,"column":null}},"78":{"start":{"line":131,"column":4},"end":{"line":131,"column":null}},"79":{"start":{"line":135,"column":17},"end":{"line":135,"column":35}},"80":{"start":{"line":136,"column":4},"end":{"line":136,"column":null}},"81":{"start":{"line":136,"column":15},"end":{"line":136,"column":null}},"82":{"start":{"line":138,"column":25},"end":{"line":138,"column":125}},"83":{"start":{"line":138,"column":42},"end":{"line":138,"column":124}},"84":{"start":{"line":139,"column":4},"end":{"line":139,"column":null}},"85":{"start":{"line":140,"column":4},"end":{"line":140,"column":null}},"86":{"start":{"line":141,"column":4},"end":{"line":141,"column":null}},"87":{"start":{"line":142,"column":4},"end":{"line":142,"column":null}},"88":{"start":{"line":143,"column":4},"end":{"line":143,"column":null}},"89":{"start":{"line":147,"column":17},"end":{"line":147,"column":35}},"90":{"start":{"line":148,"column":4},"end":{"line":148,"column":null}},"91":{"start":{"line":148,"column":15},"end":{"line":148,"column":null}},"92":{"start":{"line":149,"column":4},"end":{"line":149,"column":null}},"93":{"start":{"line":150,"column":4},"end":{"line":150,"column":null}},"94":{"start":{"line":151,"column":4},"end":{"line":151,"column":null}},"95":{"start":{"line":155,"column":4},"end":{"line":155,"column":null}},"96":{"start":{"line":159,"column":17},"end":{"line":164,"column":5}},"97":{"start":{"line":165,"column":4},"end":{"line":174,"column":null}},"98":{"start":{"line":166,"column":6},"end":{"line":166,"column":null}},"99":{"start":{"line":167,"column":6},"end":{"line":173,"column":null}},"100":{"start":{"line":168,"column":21},"end":{"line":168,"column":58}},"101":{"start":{"line":169,"column":8},"end":{"line":172,"column":null}},"102":{"start":{"line":175,"column":4},"end":{"line":175,"column":null}},"103":{"start":{"line":179,"column":4},"end":{"line":188,"column":null}},"104":{"start":{"line":180,"column":6},"end":{"line":180,"column":null}},"105":{"start":{"line":180,"column":40},"end":{"line":180,"column":null}},"106":{"start":{"line":181,"column":20},"end":{"line":181,"column":22}},"107":{"start":{"line":182,"column":6},"end":{"line":182,"column":null}},"108":{"start":{"line":182,"column":43},"end":{"line":182,"column":null}},"109":{"start":{"line":183,"column":18},"end":{"line":183,"column":41}},"110":{"start":{"line":184,"column":6},"end":{"line":184,"column":null}},"111":{"start":{"line":185,"column":6},"end":{"line":185,"column":null}},"112":{"start":{"line":187,"column":6},"end":{"line":187,"column":null}},"113":{"start":{"line":192,"column":4},"end":{"line":192,"column":null}},"114":{"start":{"line":192,"column":55},"end":{"line":192,"column":null}},"115":{"start":{"line":193,"column":19},"end":{"line":193,"column":63}},"116":{"start":{"line":194,"column":20},"end":{"line":194,"column":50}},"117":{"start":{"line":195,"column":22},"end":{"line":195,"column":67}},"118":{"start":{"line":195,"column":42},"end":{"line":195,"column":59}},"119":{"start":{"line":196,"column":24},"end":{"line":196,"column":26}},"120":{"start":{"line":197,"column":4},"end":{"line":199,"column":null}},"121":{"start":{"line":197,"column":24},"end":{"line":197,"column":46}},"122":{"start":{"line":198,"column":6},"end":{"line":198,"column":null}},"123":{"start":{"line":200,"column":25},"end":{"line":201,"column":52}},"124":{"start":{"line":201,"column":26},"end":{"line":201,"column":41}},"125":{"start":{"line":202,"column":4},"end":{"line":202,"column":null}},"126":{"start":{"line":206,"column":4},"end":{"line":206,"column":null}},"127":{"start":{"line":206,"column":38},"end":{"line":206,"column":null}},"128":{"start":{"line":210,"column":4},"end":{"line":220,"column":null}},"129":{"start":{"line":211,"column":6},"end":{"line":211,"column":null}},"130":{"start":{"line":211,"column":42},"end":{"line":211,"column":null}},"131":{"start":{"line":212,"column":18},"end":{"line":212,"column":70}},"132":{"start":{"line":213,"column":6},"end":{"line":217,"column":null}},"133":{"start":{"line":214,"column":8},"end":{"line":214,"column":null}},"134":{"start":{"line":214,"column":27},"end":{"line":214,"column":null}},"135":{"start":{"line":215,"column":8},"end":{"line":215,"column":null}},"136":{"start":{"line":215,"column":32},"end":{"line":215,"column":null}},"137":{"start":{"line":216,"column":8},"end":{"line":216,"column":null}},"138":{"start":{"line":219,"column":6},"end":{"line":219,"column":null}},"139":{"start":{"line":224,"column":0},"end":{"line":224,"column":null}}},"fnMap":{"0":{"name":"constructor","decl":{"start":{"line":12,"column":2},"end":{"line":12,"column":13}},"loc":{"start":{"line":12,"column":67},"end":{"line":22,"column":null}},"line":12},"1":{"name":"create","decl":{"start":{"line":24,"column":2},"end":{"line":24,"column":8}},"loc":{"start":{"line":24,"column":15},"end":{"line":37,"column":null}},"line":24},"2":{"name":"get","decl":{"start":{"line":39,"column":2},"end":{"line":39,"column":5}},"loc":{"start":{"line":39,"column":21},"end":{"line":60,"column":null}},"line":39},"3":{"name":"getMeta","decl":{"start":{"line":62,"column":2},"end":{"line":62,"column":9}},"loc":{"start":{"line":62,"column":14},"end":{"line":65,"column":null}},"line":62},"4":{"name":"list","decl":{"start":{"line":67,"column":2},"end":{"line":67,"column":6}},"loc":{"start":{"line":67,"column":9},"end":{"line":71,"column":null}},"line":67},"5":{"name":"(anonymous_5)","decl":{"start":{"line":69,"column":11},"end":{"line":69,"column":12}},"loc":{"start":{"line":69,"column":16},"end":{"line":69,"column":40}},"line":69},"6":{"name":"(anonymous_6)","decl":{"start":{"line":70,"column":12},"end":{"line":70,"column":13}},"loc":{"start":{"line":70,"column":22},"end":{"line":70,"column":67}},"line":70},"7":{"name":"delete","decl":{"start":{"line":73,"column":2},"end":{"line":73,"column":8}},"loc":{"start":{"line":73,"column":13},"end":{"line":78,"column":null}},"line":73},"8":{"name":"appendHistory","decl":{"start":{"line":80,"column":2},"end":{"line":80,"column":15}},"loc":{"start":{"line":80,"column":27},"end":{"line":88,"column":null}},"line":80},"9":{"name":"removeMessage","decl":{"start":{"line":90,"column":2},"end":{"line":90,"column":15}},"loc":{"start":{"line":90,"column":35},"end":{"line":132,"column":null}},"line":90},"10":{"name":"(anonymous_10)","decl":{"start":{"line":97,"column":33},"end":{"line":97,"column":34}},"loc":{"start":{"line":97,"column":38},"end":{"line":97,"column":56}},"line":97},"11":{"name":"(anonymous_11)","decl":{"start":{"line":120,"column":35},"end":{"line":120,"column":36}},"loc":{"start":{"line":120,"column":40},"end":{"line":124,"column":7}},"line":120},"12":{"name":"appendBatch","decl":{"start":{"line":134,"column":2},"end":{"line":134,"column":13}},"loc":{"start":{"line":134,"column":27},"end":{"line":144,"column":null}},"line":134},"13":{"name":"(anonymous_13)","decl":{"start":{"line":138,"column":37},"end":{"line":138,"column":38}},"loc":{"start":{"line":138,"column":42},"end":{"line":138,"column":124}},"line":138},"14":{"name":"updateActiveAgents","decl":{"start":{"line":146,"column":2},"end":{"line":146,"column":20}},"loc":{"start":{"line":146,"column":35},"end":{"line":152,"column":null}},"line":146},"15":{"name":"_genId","decl":{"start":{"line":154,"column":2},"end":{"line":154,"column":8}},"loc":{"start":{"line":154,"column":11},"end":{"line":156,"column":null}},"line":154},"16":{"name":"_sanitize","decl":{"start":{"line":158,"column":2},"end":{"line":158,"column":11}},"loc":{"start":{"line":158,"column":42},"end":{"line":176,"column":null}},"line":158},"17":{"name":"_save","decl":{"start":{"line":178,"column":2},"end":{"line":178,"column":7}},"loc":{"start":{"line":178,"column":10},"end":{"line":189,"column":null}},"line":178},"18":{"name":"_truncateIfNeeded","decl":{"start":{"line":191,"column":2},"end":{"line":191,"column":19}},"loc":{"start":{"line":191,"column":26},"end":{"line":203,"column":null}},"line":191},"19":{"name":"(anonymous_19)","decl":{"start":{"line":195,"column":37},"end":{"line":195,"column":38}},"loc":{"start":{"line":195,"column":42},"end":{"line":195,"column":59}},"line":195},"20":{"name":"(anonymous_20)","decl":{"start":{"line":197,"column":19},"end":{"line":197,"column":20}},"loc":{"start":{"line":197,"column":24},"end":{"line":197,"column":46}},"line":197},"21":{"name":"(anonymous_21)","decl":{"start":{"line":197,"column":56},"end":{"line":197,"column":57}},"loc":{"start":{"line":197,"column":61},"end":{"line":199,"column":5}},"line":197},"22":{"name":"(anonymous_22)","decl":{"start":{"line":201,"column":11},"end":{"line":201,"column":12}},"loc":{"start":{"line":201,"column":26},"end":{"line":201,"column":41}},"line":201},"23":{"name":"_ensureDataDir","decl":{"start":{"line":205,"column":2},"end":{"line":205,"column":16}},"loc":{"start":{"line":205,"column":19},"end":{"line":207,"column":null}},"line":205},"24":{"name":"_load","decl":{"start":{"line":209,"column":2},"end":{"line":209,"column":7}},"loc":{"start":{"line":209,"column":10},"end":{"line":221,"column":null}},"line":209}},"branchMap":{"0":{"loc":{"start":{"line":13,"column":19},"end":{"line":13,"column":62}},"type":"binary-expr","locations":[{"start":{"line":13,"column":19},"end":{"line":13,"column":26}},{"start":{"line":13,"column":30},"end":{"line":13,"column":62}}],"line":13},"1":{"loc":{"start":{"line":15,"column":29},"end":{"line":15,"column":53}},"type":"binary-expr","locations":[{"start":{"line":15,"column":29},"end":{"line":15,"column":46}},{"start":{"line":15,"column":50},"end":{"line":15,"column":53}}],"line":15},"2":{"loc":{"start":{"line":16,"column":31},"end":{"line":16,"column":56}},"type":"binary-expr","locations":[{"start":{"line":16,"column":31},"end":{"line":16,"column":50}},{"start":{"line":16,"column":54},"end":{"line":16,"column":56}}],"line":16},"3":{"loc":{"start":{"line":21,"column":4},"end":{"line":21,"column":null}},"type":"if","locations":[{"start":{"line":21,"column":4},"end":{"line":21,"column":null}},{"start":{},"end":{}}],"line":21},"4":{"loc":{"start":{"line":28,"column":16},"end":{"line":28,"column":29}},"type":"binary-expr","locations":[{"start":{"line":28,"column":16},"end":{"line":28,"column":20}},{"start":{"line":28,"column":24},"end":{"line":28,"column":29}}],"line":28},"5":{"loc":{"start":{"line":39,"column":10},"end":{"line":39,"column":19}},"type":"default-arg","locations":[{"start":{"line":39,"column":17},"end":{"line":39,"column":19}}],"line":39},"6":{"loc":{"start":{"line":41,"column":4},"end":{"line":41,"column":null}},"type":"if","locations":[{"start":{"line":41,"column":4},"end":{"line":41,"column":null}},{"start":{},"end":{}}],"line":41},"7":{"loc":{"start":{"line":43,"column":4},"end":{"line":46,"column":null}},"type":"if","locations":[{"start":{"line":43,"column":4},"end":{"line":46,"column":null}},{"start":{},"end":{}}],"line":43},"8":{"loc":{"start":{"line":43,"column":8},"end":{"line":43,"column":35}},"type":"binary-expr","locations":[{"start":{"line":43,"column":8},"end":{"line":43,"column":20}},{"start":{"line":43,"column":24},"end":{"line":43,"column":35}}],"line":43},"9":{"loc":{"start":{"line":47,"column":31},"end":{"line":47,"column":57}},"type":"binary-expr","locations":[{"start":{"line":47,"column":31},"end":{"line":47,"column":52}},{"start":{"line":47,"column":56},"end":{"line":47,"column":57}}],"line":47},"10":{"loc":{"start":{"line":48,"column":44},"end":{"line":48,"column":71}},"type":"binary-expr","locations":[{"start":{"line":48,"column":44},"end":{"line":48,"column":64}},{"start":{"line":48,"column":68},"end":{"line":48,"column":71}}],"line":48},"11":{"loc":{"start":{"line":64,"column":11},"end":{"line":64,"column":52}},"type":"cond-expr","locations":[{"start":{"line":64,"column":18},"end":{"line":64,"column":45}},{"start":{"line":64,"column":48},"end":{"line":64,"column":52}}],"line":64},"12":{"loc":{"start":{"line":74,"column":4},"end":{"line":74,"column":null}},"type":"if","locations":[{"start":{"line":74,"column":4},"end":{"line":74,"column":null}},{"start":{},"end":{}}],"line":74},"13":{"loc":{"start":{"line":76,"column":4},"end":{"line":76,"column":null}},"type":"if","locations":[{"start":{"line":76,"column":4},"end":{"line":76,"column":null}},{"start":{},"end":{}}],"line":76},"14":{"loc":{"start":{"line":82,"column":4},"end":{"line":82,"column":null}},"type":"if","locations":[{"start":{"line":82,"column":4},"end":{"line":82,"column":null}},{"start":{},"end":{}}],"line":82},"15":{"loc":{"start":{"line":92,"column":4},"end":{"line":92,"column":null}},"type":"if","locations":[{"start":{"line":92,"column":4},"end":{"line":92,"column":null}},{"start":{},"end":{}}],"line":92},"16":{"loc":{"start":{"line":100,"column":4},"end":{"line":115,"column":null}},"type":"if","locations":[{"start":{"line":100,"column":4},"end":{"line":115,"column":null}},{"start":{},"end":{}}],"line":100},"17":{"loc":{"start":{"line":103,"column":6},"end":{"line":114,"column":null}},"type":"if","locations":[{"start":{"line":103,"column":6},"end":{"line":114,"column":null}},{"start":{},"end":{}}],"line":103},"18":{"loc":{"start":{"line":106,"column":10},"end":{"line":106,"column":null}},"type":"if","locations":[{"start":{"line":106,"column":10},"end":{"line":106,"column":null}},{"start":{},"end":{}}],"line":106},"19":{"loc":{"start":{"line":107,"column":26},"end":{"line":107,"column":36}},"type":"binary-expr","locations":[{"start":{"line":107,"column":26},"end":{"line":107,"column":30}},{"start":{"line":107,"column":34},"end":{"line":107,"column":36}}],"line":107},"20":{"loc":{"start":{"line":109,"column":10},"end":{"line":112,"column":null}},"type":"if","locations":[{"start":{"line":109,"column":10},"end":{"line":112,"column":null}},{"start":{},"end":{}}],"line":109},"21":{"loc":{"start":{"line":109,"column":14},"end":{"line":109,"column":47}},"type":"binary-expr","locations":[{"start":{"line":109,"column":14},"end":{"line":109,"column":17}},{"start":{"line":109,"column":21},"end":{"line":109,"column":47}}],"line":109},"22":{"loc":{"start":{"line":118,"column":4},"end":{"line":125,"column":null}},"type":"if","locations":[{"start":{"line":118,"column":4},"end":{"line":125,"column":null}},{"start":{},"end":{}}],"line":118},"23":{"loc":{"start":{"line":121,"column":8},"end":{"line":121,"column":null}},"type":"if","locations":[{"start":{"line":121,"column":8},"end":{"line":121,"column":null}},{"start":{},"end":{}}],"line":121},"24":{"loc":{"start":{"line":122,"column":20},"end":{"line":122,"column":30}},"type":"binary-expr","locations":[{"start":{"line":122,"column":20},"end":{"line":122,"column":24}},{"start":{"line":122,"column":28},"end":{"line":122,"column":30}}],"line":122},"25":{"loc":{"start":{"line":123,"column":15},"end":{"line":123,"column":86}},"type":"binary-expr","locations":[{"start":{"line":123,"column":15},"end":{"line":123,"column":36}},{"start":{"line":123,"column":40},"end":{"line":123,"column":86}}],"line":123},"26":{"loc":{"start":{"line":127,"column":4},"end":{"line":127,"column":null}},"type":"if","locations":[{"start":{"line":127,"column":4},"end":{"line":127,"column":null}},{"start":{},"end":{}}],"line":127},"27":{"loc":{"start":{"line":136,"column":4},"end":{"line":136,"column":null}},"type":"if","locations":[{"start":{"line":136,"column":4},"end":{"line":136,"column":null}},{"start":{},"end":{}}],"line":136},"28":{"loc":{"start":{"line":138,"column":42},"end":{"line":138,"column":124}},"type":"cond-expr","locations":[{"start":{"line":138,"column":49},"end":{"line":138,"column":50}},{"start":{"line":138,"column":53},"end":{"line":138,"column":124}}],"line":138},"29":{"loc":{"start":{"line":148,"column":4},"end":{"line":148,"column":null}},"type":"if","locations":[{"start":{"line":148,"column":4},"end":{"line":148,"column":null}},{"start":{},"end":{}}],"line":148},"30":{"loc":{"start":{"line":158,"column":18},"end":{"line":158,"column":40}},"type":"default-arg","locations":[{"start":{"line":158,"column":35},"end":{"line":158,"column":40}}],"line":158},"31":{"loc":{"start":{"line":165,"column":4},"end":{"line":174,"column":null}},"type":"if","locations":[{"start":{"line":165,"column":4},"end":{"line":174,"column":null}},{"start":{},"end":{}}],"line":165},"32":{"loc":{"start":{"line":167,"column":6},"end":{"line":173,"column":null}},"type":"if","locations":[{"start":{"line":167,"column":6},"end":{"line":173,"column":null}},{"start":{},"end":{}}],"line":167},"33":{"loc":{"start":{"line":170,"column":33},"end":{"line":170,"column":50}},"type":"binary-expr","locations":[{"start":{"line":170,"column":33},"end":{"line":170,"column":42}},{"start":{"line":170,"column":46},"end":{"line":170,"column":50}}],"line":170},"34":{"loc":{"start":{"line":171,"column":20},"end":{"line":171,"column":38}},"type":"binary-expr","locations":[{"start":{"line":171,"column":20},"end":{"line":171,"column":32}},{"start":{"line":171,"column":36},"end":{"line":171,"column":38}}],"line":171},"35":{"loc":{"start":{"line":171,"column":56},"end":{"line":171,"column":99}},"type":"cond-expr","locations":[{"start":{"line":171,"column":91},"end":{"line":171,"column":94}},{"start":{"line":171,"column":97},"end":{"line":171,"column":99}}],"line":171},"36":{"loc":{"start":{"line":171,"column":57},"end":{"line":171,"column":75}},"type":"binary-expr","locations":[{"start":{"line":171,"column":57},"end":{"line":171,"column":69}},{"start":{"line":171,"column":73},"end":{"line":171,"column":75}}],"line":171},"37":{"loc":{"start":{"line":180,"column":6},"end":{"line":180,"column":null}},"type":"if","locations":[{"start":{"line":180,"column":6},"end":{"line":180,"column":null}},{"start":{},"end":{}}],"line":180},"38":{"loc":{"start":{"line":192,"column":4},"end":{"line":192,"column":null}},"type":"if","locations":[{"start":{"line":192,"column":4},"end":{"line":192,"column":null}},{"start":{},"end":{}}],"line":192},"39":{"loc":{"start":{"line":198,"column":29},"end":{"line":198,"column":53}},"type":"binary-expr","locations":[{"start":{"line":198,"column":29},"end":{"line":198,"column":48}},{"start":{"line":198,"column":52},"end":{"line":198,"column":53}}],"line":198},"40":{"loc":{"start":{"line":206,"column":4},"end":{"line":206,"column":null}},"type":"if","locations":[{"start":{"line":206,"column":4},"end":{"line":206,"column":null}},{"start":{},"end":{}}],"line":206},"41":{"loc":{"start":{"line":211,"column":6},"end":{"line":211,"column":null}},"type":"if","locations":[{"start":{"line":211,"column":6},"end":{"line":211,"column":null}},{"start":{},"end":{}}],"line":211},"42":{"loc":{"start":{"line":214,"column":8},"end":{"line":214,"column":null}},"type":"if","locations":[{"start":{"line":214,"column":8},"end":{"line":214,"column":null}},{"start":{},"end":{}}],"line":214},"43":{"loc":{"start":{"line":215,"column":8},"end":{"line":215,"column":null}},"type":"if","locations":[{"start":{"line":215,"column":8},"end":{"line":215,"column":null}},{"start":{},"end":{}}],"line":215}},"s":{"0":1,"1":1,"2":16,"3":16,"4":16,"5":16,"6":16,"7":16,"8":16,"9":16,"10":16,"11":30,"12":30,"13":30,"14":30,"15":30,"16":30,"17":12,"18":12,"19":1,"20":11,"21":11,"22":6,"23":5,"24":12,"25":12,"26":12,"27":1,"28":1,"29":3,"30":4,"31":1,"32":2,"33":1,"34":1,"35":1,"36":1,"37":1,"38":1217,"39":1217,"40":0,"41":1217,"42":1217,"43":1217,"44":1217,"45":1217,"46":0,"47":0,"48":0,"49":0,"50":0,"51":0,"52":0,"53":0,"54":0,"55":0,"56":0,"57":0,"58":0,"59":0,"60":0,"61":0,"62":0,"63":0,"64":0,"65":0,"66":0,"67":0,"68":0,"69":0,"70":0,"71":0,"72":0,"73":0,"74":0,"75":0,"76":0,"77":0,"78":0,"79":1,"80":1,"81":0,"82":1,"83":2,"84":1,"85":1,"86":1,"87":1,"88":1,"89":1,"90":1,"91":0,"92":1,"93":1,"94":1,"95":30,"96":46,"97":46,"98":11,"99":11,"100":9,"101":9,"102":46,"103":1250,"104":1250,"105":0,"106":1250,"107":1250,"108":2485,"109":1250,"110":1250,"111":1250,"112":0,"113":1218,"114":1068,"115":150,"116":150,"117":150,"118":150,"119":150,"120":150,"121":150,"122":0,"123":150,"124":0,"125":150,"126":16,"127":0,"128":16,"129":16,"130":16,"131":0,"132":0,"133":0,"134":0,"135":0,"136":0,"137":0,"138":0,"139":1
[...]
":31},"end":{"line":90,"column":null}},"42":{"start":{"line":91,"column":2},"end":{"line":91,"column":null}},"43":{"start":{"line":91,"column":26},"end":{"line":91,"column":null}},"44":{"start":{"line":91,"column":46},"end":{"line":91,"column":68}},"45":{"start":{"line":92,"column":2},"end":{"line":96,"column":null}},"46":{"start":{"line":93,"column":19},"end":{"line":93,"column":21}},"47":{"start":{"line":94,"column":4},"end":{"line":94,"column":null}},"48":{"start":{"line":94,"column":46},"end":{"line":94,"column":null}},"49":{"start":{"line":95,"column":4},"end":{"line":95,"column":null}},"50":{"start":{"line":97,"column":2},"end":{"line":97,"column":null}},"51":{"start":{"line":101,"column":21},"end":{"line":101,"column":42}},"52":{"start":{"line":102,"column":18},"end":{"line":102,"column":42}},"53":{"start":{"line":102,"column":24},"end":{"line":102,"column":42}},"54":{"start":{"line":103,"column":2},"end":{"line":103,"column":null}},"55":{"start":{"line":104,"column":2},"end":{"line":104,"column":null}},"56":{"start":{"line":105,"column":2},"end":{"line":105,"column":null}},"57":{"start":{"line":105,"column":32},"end":{"line":105,"column":null}},"58":{"start":{"line":106,"column":2},"end":{"line":106,"column":null}},"59":{"start":{"line":109,"column":0},"end":{"line":109,"column":null}}},"fnMap":{"0":{"name":"execute","decl":{"start":{"line":20,"column":15},"end":{"line":20,"column":22}},"loc":{"start":{"line":20,"column":45},"end":{"line":80,"column":null}},"line":20},"1":{"name":"(anonymous_1)","decl":{"start":{"line":39,"column":27},"end":{"line":39,"column":28}},"loc":{"start":{"line":39,"column":33},"end":{"line":39,"column":51}},"line":39},"2":{"name":"(anonymous_2)","decl":{"start":{"line":49,"column":35},"end":{"line":49,"column":36}},"loc":{"start":{"line":49,"column":56},"end":{"line":62,"column":5}},"line":49},"3":{"name":"(anonymous_3)","decl":{"start":{"line":65,"column":20},"end":{"line":65,"column":25}},"loc":{"start":{"line":65,"column":29},"end":{"line":65,"column":42}},"line":65},"4":{"name":"(anonymous_4)","decl":{"start":{"line":67,"column":29},"end":{"line":67,"column":30}},"loc":{"start":{"line":67,"column":50},"end":{"line":76,"column":5}},"line":67},"5":{"name":"(anonymous_5)","decl":{"start":{"line":68,"column":21},"end":{"line":68,"column":22}},"loc":{"start":{"line":68,"column":27},"end":{"line":74,"column":7}},"line":68},"6":{"name":"_template","decl":{"start":{"line":82,"column":9},"end":{"line":82,"column":18}},"loc":{"start":{"line":82,"column":35},"end":{"line":87,"column":null}},"line":82},"7":{"name":"(anonymous_7)","decl":{"start":{"line":83,"column":44},"end":{"line":83,"column":45}},"loc":{"start":{"line":83,"column":56},"end":{"line":86,"column":3}},"line":83},"8":{"name":"_deepTemplate","decl":{"start":{"line":89,"column":9},"end":{"line":89,"column":22}},"loc":{"start":{"line":89,"column":34},"end":{"line":98,"column":null}},"line":89},"9":{"name":"(anonymous_9)","decl":{"start":{"line":91,"column":41},"end":{"line":91,"column":42}},"loc":{"start":{"line":91,"column":46},"end":{"line":91,"column":68}},"line":91},"10":{"name":"_combineSignals","decl":{"start":{"line":100,"column":9},"end":{"line":100,"column":24}},"loc":{"start":{"line":100,"column":33},"end":{"line":107,"column":null}},"line":100},"11":{"name":"(anonymous_11)","decl":{"start":{"line":102,"column":18},"end":{"line":102,"column":19}},"loc":{"start":{"line":102,"column":24},"end":{"line":102,"column":42}},"line":102}},"branchMap":{"0":{"loc":{"start":{"line":22,"column":18},"end":{"line":22,"column":40}},"type":"binary-expr","locations":[{"start":{"line":22,"column":18},"end":{"line":22,"column":31}},{"start":{"line":22,"column":35},"end":{"line":22,"column":40}}],"line":22},"1":{"loc":{"start":{"line":25,"column":2},"end":{"line":29,"column":null}},"type":"if","locations":[{"start":{"line":25,"column":2},"end":{"line":29,"column":null}},{"start":{},"end":{}}],"line":25},"2":{"loc":{"start":{"line":31,"column":15},"end":{"line":33,"column":15}},"type":"cond-expr","locations":[{"start":{"line":32,"column":6},"end":{"line":32,"column":null}},{"start":{"line":33,"column":6},"end":{"line":33,"column":15}}],"line":31},"3":{"loc":{"start":{"line":31,"column":15},"end":{"line":31,"column":null}},"type":"binary-expr","locations":[{"start":{"line":31,"column":15},"end":{"line":31,"column":31}},{"start":{"line":31,"column":35},"end":{"line":31,"column":null}}],"line":31},"4":{"loc":{"start":{"line":35,"column":2},"end":{"line":35,"column":null}},"type":"if","locations":[{"start":{"line":35,"column":2},"end":{"line":35,"column":null}},{"start":{},"end":{}}],"line":35},"5":{"loc":{"start":{"line":38,"column":19},"end":{"line":38,"column":39}},"type":"binary-expr","locations":[{"start":{"line":38,"column":19},"end":{"line":38,"column":33}},{"start":{"line":38,"column":37},"end":{"line":38,"column":39}}],"line":38},"6":{"loc":{"start":{"line":41,"column":25},"end":{"line":43,"column":23}},"type":"cond-expr","locations":[{"start":{"line":42,"column":6},"end":{"line":42,"column":null}},{"start":{"line":43,"column":6},"end":{"line":43,"column":23}}],"line":41},"7":{"loc":{"start":{"line":47,"column":20},"end":{"line":47,"column":42}},"type":"cond-expr","locations":[{"start":{"line":47,"column":30},"end":{"line":47,"column":35}},{"start":{"line":47,"column":38},"end":{"line":47,"column":42}}],"line":47},"8":{"loc":{"start":{"line":59,"column":6},"end":{"line":59,"column":null}},"type":"if","locations":[{"start":{"line":59,"column":6},"end":{"line":59,"column":null}},{"start":{},"end":{}}],"line":59},"9":{"loc":{"start":{"line":70,"column":23},"end":{"line":72,"column":16}},"type":"cond-expr","locations":[{"start":{"line":71,"column":12},"end":{"line":71,"column":null}},{"start":{"line":72,"column":12},"end":{"line":72,"column":16}}],"line":70},"10":{"loc":{"start":{"line":84,"column":4},"end":{"line":84,"column":null}},"type":"if","locations":[{"start":{"line":84,"column":4},"end":{"line":84,"column":null}},{"start":{},"end":{}}],"line":84},"11":{"loc":{"start":{"line":90,"column":2},"end":{"line":90,"column":null}},"type":"if","locations":[{"start":{"line":90,"column":2},"end":{"line":90,"column":null}},{"start":{},"end":{}}],"line":90},"12":{"loc":{"start":{"line":91,"column":2},"end":{"line":91,"column":null}},"type":"if","locations":[{"start":{"line":91,"column":2},"end":{"line":91,"column":null}},{"start":{},"end":{}}],"line":91},"13":{"loc":{"start":{"line":92,"column":2},"end":{"line":96,"column":null}},"type":"if","locations":[{"start":{"line":92,"column":2},"end":{"line":96,"column":null}},{"start":{},"end":{}}],"line":92},"14":{"loc":{"start":{"line":92,"column":6},"end":{"line":92,"column":36}},"type":"binary-expr","locations":[{"start":{"line":92,"column":6},"end":{"line":92,"column":9}},{"start":{"line":92,"column":13},"end":{"line":92,"column":36}}],"line":92},"15":{"loc":{"start":{"line":105,"column":2},"end":{"line":105,"column":null}},"type":"if","locations":[{"start":{"line":105,"column":2},"end":{"line":105,"column":null}},{"start":{},"end":{}}],"line":105},"16":{"loc":{"start":{"line":105,"column":6},"end":{"line":105,"column":30}},"type":"binary-expr","locations":[{"start":{"line":105,"column":6},"end":{"line":105,"column":16}},{"start":{"line":105,"column":20},"end":{"line":105,"column":30}}],"line":105}},"s":{"0":0,"1":0,"2":0,"3":0,"4":0,"5":0,"6":0,"7":0,"8":0,"9":0,"10":0,"11":0,"12":0,"13":0,"14":0,"15":0,"16":0,"17":0,"18":0,"19":0,"20":0,"21":0,"22":0,"23":0,"24":0,"25":0,"26":0,"27":0,"28":0,"29":0,"30":0,"31":0,"32":0,"33":0,"34":0,"35":0,"36":0,"37":0,"38":0,"39":0,"40":0,"41":0,"42":0,"43":0,"44":0,"45":0,"46":0,"47":0,"48":0,"49":0,"50":0,"51":0,"52":0,"53":0,"54":0,"55":0,"56":0,"57":0,"58":0,"59":1},"f":{"0":0,"1":0,"2":0,"3":0,"4":0,"5":0,"6":0,"7":0,"8":0,"9":0,"10":0,"11":0},"b":{"0":[0,0],"1":[0,0],"2":[0,0],"3":[0,0],"4":[0,0],"5":[0,0],"6":[0,0],"7":[0,0],"8":[0,0],"9":[0,0],"10":[0,0],"11":[0,0],"12":[0,0],"13":[0,0],"14":[0,0],"15":[0,0],"16":[0,0]},"meta":{"lastBranch":17,"lastFunction":12,"lastStatement":60,"seen":{"s:17:14:17:30":0,"s:18:13:18:28":1,"f:20:15:20:22":0,"s:21:14:21:41":2,"s:22:17:22:55":3,"b:22:18:22:31:22:35:22:40":0,"s:23:18:23:20":4,"b:25:2:29:Infinity:undefined:undefined:undefined:undefined":1,"s:25:2:29:Infinity":5,"s:26:4:28:Infinity":6,"s:27:6:27:Infinity":7,"s:31:15:33:15":8,"b:32:6:32:Infinity:33:6:33:15":2,"b:31:15:31:31:31:35:31:Infinity":3,"b:35:2:35:Infinity:undefined:undefined:undefined:undefined":4,"s:35:2:35:Infinity":9,"s:35:12:35:Infinity":10,"s:37:21:37:42":11,"s:38:18:38:47":12,"b:38:19:38:33:38:37:38:39":5,"s:39:16:39:61":13,"f:39:27:39:28":1,"s:39:33:39:51":14,"s:41:25:43:23":15,"b:42:6:42:Infinity:43:6:43:23":6,"s:45:2:79:Infinity":16,"s:46:20:46:43":17,"s:47:20:47:42":18,"b:47:30:47:35:47:38:47:42":7,"s:49:17:62:6":19,"f:49:35:49:36":2,"s:50:22:50:34":20,"s:51:18:58:17":21,"b:59:6:59:Infinity:undefined:undefined:undefined:undefined":8,"s:59:6:59:Infinity":22,"s:59:16:59:Infinity":23,"s:60:6:60:Infinity":24,"s:61:6:61:Infinity":25,"s:64:15:64:17":26,"s:65:4:65:Infinity":27,"f:65:20:65:25":3,"s:65:29:65:42":28,"s:67:4:76:Infinity":29,"f:67:29:67:30":4,"s:68:6:74:Infinity":30,"f:68:21:68:22":5,"s:69:23:69:27":31,"s:70:23:72:16":32,"b:71:12:71:Infinity:72:12:72:16":9,"s:73:8:73:Infinity":33,"s:75:6:75:Infinity":34,"s:78:4:78:Infinity":35,"f:82:9:82:18":6,"s:83:2:86:Infinity":36,"f:83:44:83:45":7,"b:84:4:84:Infinity:undefined:undefined:undefined:undefined":10,"s:84:4:84:Infinity":37,"s:84:33:84:Infinity":38,"s:85:4:85:Infinity":39,"f:89:9:89:22":8,"b:90:2:90:Infinity:undefined:undefined:undefined:undefined":11,"s:90:2:90:Infinity":40,"s:90:31:90:Infinity":41,"b:91:2:91:Infinity:undefined:undefined:undefined:undefined":12,"s:91:2:91:Infinity":42,"s:91:26:91:Infinity":43,"f:91:41:91:42":9,"s:91:46:91:68":44,"b:92:2:96:Infinity:undefined:undefined:undefined:undefined":13,"s:92:2:96:Infinity":45,"b:92:6:92:9:92:13:92:36":14,"s:93:19:93:21":46,"s:94:4:94:Infinity":47,"s:94:46:94:Infinity":48,"s:95:4:95:Infinity":49,"s:97:2:97:Infinity":50,"f:100:9:100:24":10,"s:101:21:101:42":51,"s:102:18:102:42":52,"f:102:18:102:19":11,"s:102:24:102:42":53,"s:103:2:103:Infinity":54,"s:104:2:104:Infinity":55,"b:105:2:105:Infinity:undefined:undefined:undefined:undefined":15,"s:105:2:105:Infinity":56,"b:105:6:105:16:105:20:105:30":16,"s:105:32:105:Infinity":57,"s:106:2:106:Infinity":58,"s:109:0:109:Infinity":59},"fnNames":{}}}
,"E:\\tep_working\\BRIDGE\\packages\\registry\\executors\\ssh.js": {"path":"E:\\tep_working\\BRIDGE\\packages\\registry\\executors\\ssh.js","statementMap":{"0":{"start":{"line":24,"column":18},"end":{"line":24,"column":42}},"1":{"start":{"line":25,"column":11},"end":{"line":25,"column":24}},"2":{"start":{"line":26,"column":13},"end":{"line":26,"column":28}},"3":{"start":{"line":29,"column":15},"end":{"line":29,"column":40}},"4":{"start":{"line":30,"column":15},"end":{"line":30,"column":32}},"5":{"start":{"line":31,"column":19},"end":{"line":31,"column":44}},"6":{"start":{"line":32,"column":20},"end":{"line":32,"column":57}},"7":{"start":{"line":33,"column":18},"end":{"line":33,"column":47}},"8":{"start":{"line":36,"column":18},"end":{"line":40,"column":3}},"9":{"start":{"line":42,"column":2},"end":{"line":46,"column":null}},"10":{"start":{"line":43,"column":20},"end":{"line":43,"column":68}},"11":{"start":{"line":44,"column":4},"end":{"line":44,"column":null}},"12":{"start":{"line":44,"column":33},"end":{"line":44,"column":null}},"13":{"start":{"line":45,"column":4},"end":{"line":45,"column":null}},"14":{"start":{"line":48,"column":2},"end":{"line":48,"column":null}},"15":{"start":{"line":50,"column":2},"end":{"line":84,"column":null}},"16":{"start":{"line":51,"column":18},"end":{"line":55,"column":6}},"17":{"start":{"line":57,"column":17},"end":{"line":57,"column":19}},"18":{"start":{"line":58,"column":17},"end":{"line":58,"column":19}},"19":{"start":{"line":60,"column":4},"end":{"line":60,"column":null}},"20":{"start":{"line":60,"column":41},"end":{"line":60,"column":57}},"21":{"start":{"line":61,"column":4},"end":{"line":61,"column":null}},"22":{"start":{"line":61,"column":41},"end":{"line":61,"column":57}},"23":{"start":{"line":63,"column":4},"end":{"line":65,"column":null}},"24":{"start":{"line":64,"column":6},"end":{"line":64,"column":null}},"25":{"start":{"line":67,"column":4},"end":{"line":76,"column":null}},"26":{"start":{"line":69,"column":21},"end":{"line":69,"column":42}},"27":{"start":{"line":70,"column":6},"end":{"line":70,"column":null}},"28":{"start":{"line":70,"column":25},"end":{"line":70,"column":null}},"29":{"start":{"line":71,"column":6},"end":{"line":75,"column":null}},"30":{"start":{"line":72,"column":8},"end":{"line":72,"column":null}},"31":{"start":{"line":74,"column":8},"end":{"line":74,"column":null}},"32":{"start":{"line":78,"column":4},"end":{"line":83,"column":null}},"33":{"start":{"line":79,"column":6},"end":{"line":82,"column":null}},"34":{"start":{"line":80,"column":8},"end":{"line":80,"column":null}},"35":{"start":{"line":81,"column":8},"end":{"line":81,"column":null}},"36":{"start":{"line":88,"column":2},"end":{"line":91,"column":null}},"37":{"start":{"line":89,"column":4},"end":{"line":89,"column":null}},"38":{"start":{"line":89,"column":33},"end":{"line":89,"column":null}},"39":{"start":{"line":90,"column":4},"end":{"line":90,"column":null}},"40":{"start":{"line":94,"column":0},"end":{"line":94,"column":null}}},"fnMap":{"0":{"name":"execute","decl":{"start":{"line":28,"column":15},"end":{"line":28,"column":22}},"loc":{"start":{"line":28,"column":45},"end":{"line":85,"column":null}},"line":28},"1":{"name":"(anonymous_1)","decl":{"start":{"line":50,"column":21},"end":{"line":50,"column":22}},"loc":{"start":{"line":50,"column":42},"end":{"line":84,"column":3}},"line":50},"2":{"name":"(anonymous_2)","decl":{"start":{"line":60,"column":28},"end":{"line":60,"column":29}},"loc":{"start":{"line":60,"column":39},"end":{"line":60,"column":59}},"line":60},"3":{"name":"(anonymous_3)","decl":{"start":{"line":61,"column":28},"end":{"line":61,"column":29}},"loc":{"start":{"line":61,"column":39},"end":{"line":61,"column":59}},"line":61},"4":{"name":"(anonymous_4)","decl":{"start":{"line":63,"column":22},"end":{"line":63,"column":23}},"loc":{"start":{"line":63,"column":31},"end":{"line":65,"column":5}},"line":63},"5":{"name":"(anonymous_5)","decl":{"start":{"line":67,"column":22},"end":{"line":67,"column":23}},"loc":{"start":{"line":67,"column":32},"end":{"line":76,"column":5}},"line":67},"6":{"name":"(anonymous_6)","decl":{"start":{"line":79,"column":39},"end":{"line":79,"column":40}},"loc":{"start":{"line":79,"column":45},"end":{"line":82,"column":7}},"line":79},"7":{"name":"_template","decl":{"start":{"line":87,"column":9},"end":{"line":87,"column":18}},"loc":{"start":{"line":87,"column":35},"end":{"line":92,"column":null}},"line":87},"8":{"name":"(anonymous_8)","decl":{"start":{"line":88,"column":44},"end":{"line":88,"column":45}},"loc":{"start":{"line":88,"column":56},"end":{"line":91,"column":3}},"line":88}},"branchMap":{"0":{"loc":{"start":{"line":29,"column":22},"end":{"line":29,"column":39}},"type":"binary-expr","locations":[{"start":{"line":29,"column":22},"end":{"line":29,"column":33}},{"start":{"line":29,"column":37},"end":{"line":29,"column":39}}],"line":29},"1":{"loc":{"start":{"line":30,"column":15},"end":{"line":30,"column":32}},"type":"binary-expr","locations":[{"start":{"line":30,"column":15},"end":{"line":30,"column":26}},{"start":{"line":30,"column":30},"end":{"line":30,"column":32}}],"line":30},"2":{"loc":{"start":{"line":31,"column":19},"end":{"line":31,"column":44}},"type":"binary-expr","locations":[{"start":{"line":31,"column":19},"end":{"line":31,"column":34}},{"start":{"line":31,"column":38},"end":{"line":31,"column":44}}],"line":31},"3":{"loc":{"start":{"line":32,"column":30},"end":{"line":32,"column":50}},"type":"binary-expr","locations":[{"start":{"line":32,"column":30},"end":{"line":32,"column":44}},{"start":{"line":32,"column":48},"end":{"line":32,"column":50}}],"line":32},"4":{"loc":{"start":{"line":33,"column":19},"end":{"line":33,"column":39}},"type":"binary-expr","locations":[{"start":{"line":33,"column":19},"end":{"line":33,"column":33}},{"start":{"line":33,"column":37},"end":{"line":33,"column":39}}],"line":33},"5":{"loc":{"start":{"line":42,"column":2},"end":{"line":46,"column":null}},"type":"if","locations":[{"start":{"line":42,"column":2},"end":{"line":46,"column":null}},{"start":{},"end":{}}],"line":42},"6":{"loc":{"start":{"line":44,"column":4},"end":{"line":44,"column":null}},"type":"if","locations":[{"start":{"line":44,"column":4},"end":{"line":44,"column":null}},{"start":{},"end":{}}],"line":44},"7":{"loc":{"start":{"line":70,"column":6},"end":{"line":70,"column":null}},"type":"if","locations":[{"start":{"line":70,"column":6},"end":{"line":70,"column":null}},{"start":{},"end":{}}],"line":70},"8":{"loc":{"start":{"line":71,"column":6},"end":{"line":75,"column":null}},"type":"if","locations":[{"start":{"line":71,"column":6},"end":{"line":75,"column":null}},{"start":{"line":73,"column":13},"end":{"line":75,"column":null}}],"line":71},"9":{"loc":{"start":{"line":72,"column":25},"end":{"line":72,"column":68}},"type":"binary-expr","locations":[{"start":{"line":72,"column":25},"end":{"line":72,"column":46}},{"start":{"line":72,"column":50},"end":{"line":72,"column":68}}],"line":72},"10":{"loc":{"start":{"line":78,"column":4},"end":{"line":83,"column":null}},"type":"if","locations":[{"start":{"line":78,"column":4},"end":{"line":83,"column":null}},{"start":{},"end":{}}],"line":78},"11":{"loc":{"start":{"line":89,"column":4},"end":{"line":89,"column":null}},"type":"if","locations":[{"start":{"line":89,"column":4},"end":{"line":89,"column":null}},{"start":{},"end":{}}],"line":89}},"s":{"0":0,"1":0,"2":0,"3":0,"4":0,"5":0,"6":0,"7":0,"8":0,"9":0,"10":0,"11":0,"12":0,"13":0,"14":0,"15":0,"16":0,"17":0,"18":0,"19":0,"20":0,"21":0,"22":0,"23":0,"24":0,"25":0,"26":0,"27":0,"28":0,"29":0,"30":0,"31":0,"32":0,"33":0,"34":0,"35":0,"36":0,"37":0,"38":0,"39":0,"40":1},"f":{"0":0,"1":0,"2":0,"3":0,"4":0,"5":0,"6":0,"7":0,"8":0},"b":{"0":[0,0],"1":[0,0],"2":[0,0],"3":[0,0],"4":[0,0],"5":[0,0],"6":[0,0],"7":[0,0],"8":[0,0],"9":[0,0],"10":[0,0],"11":[0,0]},"meta":{"lastBranch":12,"lastFunction":9,"lastStatement":41,"seen":{"s:24:18:24:42":0,"s:25:11:25:24":1,"s:26:13:26:28":2,"f:28:15:28:22":0,"s:29:15:29:40":3,"b:29:22:29:33:29:37:29:39":0,"s:30:15:30:32":4,"b:30:15:30:26:30:30:30:32":1,"s:31:19:31:44":5,"b:31:19:31:34:31:38:31:44":2,"s:32:20:32:57":6,"b:32:30:32:44:32:48:32:50":3,"s:33:18:33:47":7,"b:33:19:33:33:33:37:33:39":4,"s:36:18:40:3":8,"b:42:2:46:Infinity:undefined:undefined:undefined:undefined":5,"s:42:2:46:Infinity":9,"s:43:20:43:68":10,"b:44:4:44:Infinity:undefined:undefined:undefined:undefined":6,"s:44:4:44:Infinity":11,"s:44:33:44:Infinity":12,"s:45:4:45:Infinity":13,"s:48:2:48:Infinity":14,"s:50:2:84:Infinity":15,"f:50:21:50:22":1,"s:51:18:55:6":16,"s:57:17:57:19":17,"s:58:17:58:19":18,"s:60:4:60:Infinity":19,"f:60:28:60:29":2,"s:60:41:60:57":20,"s:61:4:61:Infinity":21,"f:61:28:61:29":3,"s:61:41:61:57":22,"s:63:4:65:Infinity":23,"f:63:22:63:23":4,"s:64:6:64:Infinity":24,"s:67:4:76:Infinity":25,"f:67:22:67:23":5,"s:69:21:69:42":26,"b:70:6:70:Infinity:undefined:undefined:undefined:undefined":7,"s:70:6:70:Infinity":27,"s:70:25:70:Infinity":28,"b:71:6:75:Infinity:73:13:75:Infinity":8,"s:71:6:75:Infinity":29,"s:72:8:72:Infinity":30,"b:72:25:72:46:72:50:72:68":9,"s:74:8:74:Infinity":31,"b:78:4:83:Infinity:undefined:undefined:undefined:undefined":10,"s:78:4:83:Infinity":32,"s:79:6:82:Infinity":33,"f:79:39:79:40":6,"s:80:8:80:Infinity":34,"s:81:8:81:Infinity":35,"f:87:9:87:18":7,"s:88:2:91:Infinity":36,"f:88:44:88:45":8,"b:89:4:89:Infinity:undefined:undefined:undefined:undefined":11,"s:89:4:89:Infinity":37,"s:89:33:89:Infinity":38,"s:90:4:90:Infinity":39,"s:94:0:94:Infinity":40},"fnNames":{}}}
}
