TN:
SF:packages\gateway\lib\builtin-tools.js
FN:11,registerBuiltinTools
FN:19,(anonymous_1)
FN:37,(anonymous_2)
FN:57,(anonymous_3)
FN:76,(anonymous_4)
FN:96,(anonymous_5)
FN:101,(anonymous_6)
FN:106,(anonymous_7)
FN:120,(anonymous_8)
FN:137,(anonymous_9)
FN:157,(anonymous_10)
FN:172,(anonymous_11)
FNF:12
FNH:1
FNDA:3,registerBuiltinTools
FNDA:0,(anonymous_1)
FNDA:0,(anonymous_2)
FNDA:0,(anonymous_3)
FNDA:0,(anonymous_4)
FNDA:0,(anonymous_5)
FNDA:0,(anonymous_6)
FNDA:0,(anonymous_7)
FNDA:0,(anonymous_8)
FNDA:0,(anonymous_9)
FNDA:0,(anonymous_10)
FNDA:0,(anonymous_11)
DA:8,1
DA:9,1
DA:13,3
DA:20,0
DA:21,0
DA:22,0
DA:24,0
DA:30,3
DA:38,0
DA:39,0
DA:40,0
DA:41,0
DA:42,0
DA:44,0
DA:50,3
DA:58,0
DA:59,0
DA:60,0
DA:61,0
DA:62,0
DA:64,0
DA:70,3
DA:77,0
DA:78,0
DA:79,0
DA:80,0
DA:82,0
DA:88,3
DA:97,0
DA:98,0
DA:99,0
DA:100,0
DA:101,0
DA:102,0
DA:103,0
DA:105,0
DA:106,0
DA:108,0
DA:114,3
DA:121,0
DA:122,0
DA:123,0
DA:124,0
DA:125,0
DA:130,3
DA:138,0
DA:139,0
DA:140,0
DA:141,0
DA:150,0
DA:151,0
DA:153,0
DA:154,0
DA:156,0
DA:157,0
DA:159,0
DA:165,3
DA:173,0
DA:174,0
DA:178,0
DA:179,0
DA:180,0
DA:181,0
DA:183,0
DA:189,1
LF:65
LH:11
BRDA:22,0,0,0
BRDA:22,0,1,0
BRDA:40,1,0,0
BRDA:40,1,1,0
BRDA:60,2,0,0
BRDA:60,2,1,0
BRDA:77,3,0,0
BRDA:77,3,1,0
BRDA:100,4,0,0
BRDA:100,4,1,0
BRDA:102,5,0,0
BRDA:102,5,1,0
BRDA:105,6,0,0
BRDA:105,6,1,0
BRDA:122,7,0,0
BRDA:122,7,1,0
BRDA:123,8,0,0
BRDA:123,8,1,0
BRDA:124,9,0,0
BRDA:124,9,1,0
BRDA:140,10,0,0
BRDA:140,10,1,0
BRDA:150,11,0,0
BRDA:150,11,1,0
BRDA:153,12,0,0
BRDA:153,12,1,0
BRDA:154,13,0,0
BRDA:154,13,1,0
BRDA:178,14,0,0
BRDA:178,14,1,0
BRDA:180,15,0,0
BRDA:180,15,1,0
BRDA:181,16,0,0
BRDA:181,16,1,0
BRF:34
BRH:0
end_of_record
TN:
SF:packages\gateway\lib\chat-service.js
FN:15,loadAgentFiles
FN:34,parseMentions
FN:40,(anonymous_2)
FN:53,determineResponders
FN:60,(anonymous_4)
FN:66,(anonymous_5)
FN:66,(anonymous_6)
FN:69,(anonymous_7)
FN:78,buildTranscript
FN:88,(anonymous_9)
FN:90,(anonymous_10)
FN:90,(anonymous_11)
FN:94,(anonymous_12)
FN:98,(anonymous_13)
FN:113,buildAgentPrompt
FNF:15
FNH:10
FNDA:0,loadAgentFiles
FNDA:0,parseMentions
FNDA:16,(anonymous_2)
FNDA:0,determineResponders
FNDA:3,(anonymous_4)
FNDA:8,(anonymous_5)
FNDA:6,(anonymous_6)
FNDA:3,(anonymous_7)
FNDA:0,buildTranscript
FNDA:10,(anonymous_9)
FNDA:10,(anonymous_10)
FNDA:5,(anonymous_11)
FNDA:1,(anonymous_12)
FNDA:69,(anonymous_13)
FNDA:0,buildAgentPrompt
DA:8,0
DA:9,0
DA:16,0
DA:17,0
DA:18,0
DA:20,0
DA:21,8
DA:22,8
DA:23,8
DA:24,2
DA:28,0
DA:35,0
DA:36,0
DA:38,0
DA:39,11
DA:40,16
DA:41,11
DA:43,13
DA:54,0
DA:57,0
DA:58,3
DA:59,2
DA:60,3
DA:62,1
DA:66,8
DA:67,4
DA:68,1
DA:69,3
DA:71,3
DA:79,0
DA:80,4
DA:82,5
DA:83,5
DA:85,5
DA:86,1
DA:87,1
DA:88,10
DA:89,1
DA:90,10
DA:91,5
DA:93,1
DA:94,1
DA:95,1
DA:98,5
DA:99,69
DA:100,35
DA:101,34
DA:102,34
DA:104,1
DA:107,5
DA:114,0
DA:115,0
DA:116,0
DA:118,0
DA:119,2
DA:120,2
DA:121,2
DA:122,2
DA:123,2
DA:126,2
DA:128,2
DA:129,2
DA:130,2
DA:131,2
DA:133,4
DA:136,4
DA:139,1
LF:67
LH:50
BRDA:17,0,0,0
BRDA:17,0,1,1
BRDA:23,1,0,2
BRDA:23,1,1,6
BRDA:40,2,0,16
BRDA:40,2,1,11
BRDA:41,3,0,9
BRDA:41,3,1,2
BRDA:41,4,0,11
BRDA:41,4,1,10
BRDA:57,5,0,3
BRDA:57,5,1,-3
BRDA:58,6,0,2
BRDA:58,6,1,1
BRDA:58,7,0,3
BRDA:58,7,1,3
BRDA:67,8,0,1
BRDA:67,8,1,3
BRDA:67,9,0,4
BRDA:67,9,1,4
BRDA:79,10,0,0
BRDA:79,10,1,7
BRDA:80,11,0,4
BRDA:80,11,1,-4
BRDA:85,12,0,1
BRDA:85,12,1,4
BRDA:91,13,0,5
BRDA:91,13,1,1
BRDA:94,14,0,1
BRDA:94,14,1,0
BRDA:99,15,0,34
BRDA:99,15,1,35
BRDA:100,16,0,34
BRDA:100,16,1,1
BRDA:102,17,0,32
BRDA:102,17,1,2
BRDA:102,18,0,32
BRDA:102,18,1,0
BRDA:118,19,0,2
BRDA:118,19,1,-2
BRDA:118,20,0,0
BRDA:118,20,1,2
BRDA:120,21,0,1
BRDA:120,21,1,1
BRDA:121,22,0,1
BRDA:121,22,1,1
BRDA:122,23,0,1
BRDA:122,23,1,1
BRDA:129,24,0,0
BRDA:129,24,1,2
BRDA:130,25,0,0
BRDA:130,25,1,2
BRDA:131,26,0,0
BRDA:131,26,1,2
BRDA:133,27,0,4
BRDA:133,27,1,1
BRDA:133,28,0,4
BRDA:133,28,1,1
BRF:58
BRH:47
end_of_record
TN:
SF:packages\gateway\lib\logger.js
FN:25,init
FN:32,_levelOf
FN:37,_shouldLog
FN:42,_filePath
FN:50,_write
FN:73,log
FN:78,(anonymous_6)
FN:79,(anonymous_7)
FN:80,(anonymous_8)
FN:81,(anonymous_9)
FNF:10
FNH:10
FNDA:20,init
FNDA:26,_levelOf
FNDA:26,_shouldLog
FNDA:24,_filePath
FNDA:24,_write
FNDA:26,log
FNDA:2,(anonymous_6)
FNDA:16,(anonymous_7)
FNDA:4,(anonymous_8)
FNDA:4,(anonymous_9)
DA:8,2
DA:9,2
DA:11,2
DA:12,2
DA:20,2
DA:22,2
DA:23,2
DA:26,20
DA:27,1
DA:29,20
DA:33,26
DA:34,26
DA:38,26
DA:39,26
DA:43,24
DA:44,24
DA:46,24
DA:47,24
DA:51,24
DA:58,24
DA:60,24
DA:61,0
DA:62,0
DA:65,24
DA:66,24
DA:67,24
DA:69,0
DA:74,26
DA:77,2
DA:78,2
DA:79,16
DA:80,4
DA:81,4
DA:84,2
LF:34
LH:31
BRDA:25,0,0,20
BRDA:25,1,0,20
BRDA:26,2,0,1
BRDA:26,2,1,19
BRDA:33,3,0,26
BRDA:33,3,1,15
BRDA:34,4,0,26
BRDA:34,4,1,0
BRDA:38,5,0,0
BRDA:38,5,1,26
BRDA:38,6,0,0
BRDA:38,6,1,0
BRDA:44,7,0,24
BRDA:44,7,1,1
BRDA:56,8,0,24
BRDA:56,8,1,11
BRDA:60,9,0,0
BRDA:60,9,1,24
BRDA:61,10,0,0
BRDA:61,10,1,0
BRDA:61,11,0,0
BRDA:61,11,1,0
BRDA:74,12,0,24
BRDA:74,12,1,2
BRF:24
BRH:15
end_of_record
TN:
SF:packages\gateway\lib\room-auth.js
FN:18,loadTokens
FN:27,saveTokens
FN:38,upsertRoomToken
FN:54,deleteRoomToken
FN:65,validateRoomToken
FN:79,extractToken
FN:89,createRoomAuthMiddleware
FN:90,roomAuthMiddleware
FNF:8
FNH:8
FNDA:26,loadTokens
FNDA:11,saveTokens
FNDA:11,upsertRoomToken
FNDA:2,deleteRoomToken
FNDA:13,validateRoomToken
FNDA:4,extractToken
FNDA:4,createRoomAuthMiddleware
FNDA:4,roomAuthMiddleware
DA:9,1
DA:10,1
DA:11,1
DA:13,1
DA:19,26
DA:20,26
DA:21,13
DA:28,11
DA:29,11
DA:30,11
DA:31,11
DA:39,11
DA:40,11
DA:42,11
DA:43,1
DA:45,10
DA:46,10
DA:47,11
DA:48,11
DA:55,2
DA:56,2
DA:57,1
DA:58,1
DA:66,13
DA:67,13
DA:70,13
DA:73,9
DA:80,4
DA:81,3
DA:90,4
DA:92,4
DA:94,4
DA:97,3
DA:98,4
DA:99,1
DA:101,2
DA:105,1
LF:37
LH:37
BRDA:20,0,0,13
BRDA:20,0,1,13
BRDA:42,1,0,1
BRDA:42,1,1,10
BRDA:42,2,0,11
BRDA:42,2,1,1
BRDA:42,2,2,1
BRDA:46,3,0,10
BRDA:46,3,1,0
BRDA:56,4,0,1
BRDA:56,4,1,1
BRDA:70,5,0,4
BRDA:70,5,1,9
BRDA:80,6,0,1
BRDA:80,6,1,3
BRDA:80,7,0,4
BRDA:80,7,1,3
BRDA:94,8,0,1
BRDA:94,8,1,3
BRDA:97,9,0,3
BRDA:97,9,1,1
BRDA:97,9,2,1
BRDA:98,10,0,1
BRDA:98,10,1,3
BRDA:98,11,0,4
BRDA:98,11,1,2
BRF:26
BRH:25
end_of_record
TN:
SF:packages\gateway\lib\room-manager.js
FN:12,constructor
FN:24,create
FN:39,get
FN:62,getMeta
FN:67,list
FN:69,(anonymous_5)
FN:70,(anonymous_6)
FN:73,delete
FN:80,appendHistory
FN:90,removeMessage
FN:97,(anonymous_10)
FN:120,(anonymous_11)
FN:134,appendBatch
FN:138,(anonymous_13)
FN:146,updateActiveAgents
FN:154,_genId
FN:158,_sanitize
FN:178,_save
FN:191,_truncateIfNeeded
FN:195,(anonymous_19)
FN:197,(anonymous_20)
FN:197,(anonymous_21)
FN:201,(anonymous_22)
FN:205,_ensureDataDir
FN:209,_load
FNF:25
FNH:20
FNDA:16,constructor
FNDA:30,create
FNDA:12,get
FNDA:1,getMeta
FNDA:3,list
FNDA:4,(anonymous_5)
FNDA:1,(anonymous_6)
FNDA:2,delete
FNDA:1217,appendHistory
FNDA:0,removeMessage
FNDA:0,(anonymous_10)
FNDA:0,(anonymous_11)
FNDA:1,appendBatch
FNDA:2,(anonymous_13)
FNDA:1,updateActiveAgents
FNDA:30,_genId
FNDA:46,_sanitize
FNDA:1250,_save
FNDA:1218,_truncateIfNeeded
FNDA:150,(anonymous_19)
FNDA:150,(anonymous_20)
FNDA:0,(anonymous_21)
FNDA:0,(anonymous_22)
FNDA:16,_ensureDataDir
FNDA:16,_load
DA:8,1
DA:9,1
DA:13,16
DA:14,16
DA:15,16
DA:16,16
DA:18,16
DA:19,16
DA:20,16
DA:21,16
DA:25,30
DA:26,30
DA:27,30
DA:34,30
DA:35,30
DA:36,30
DA:40,12
DA:41,12
DA:42,11
DA:43,11
DA:45,6
DA:47,5
DA:48,12
DA:49,12
DA:50,12
DA:63,1
DA:64,1
DA:68,3
DA:69,4
DA:70,1
DA:74,2
DA:75,1
DA:76,1
DA:77,1
DA:81,1217
DA:82,1217
DA:83,1217
DA:84,1217
DA:85,1217
DA:86,1217
DA:87,1217
DA:91,0
DA:92,0
DA:94,0
DA:97,0
DA:100,0
DA:101,0
DA:102,0
DA:103,0
DA:104,0
DA:105,0
DA:106,0
DA:107,0
DA:108,0
DA:109,0
DA:110,0
DA:111,0
DA:118,0
DA:119,0
DA:120,0
DA:121,0
DA:122,0
DA:123,0
DA:127,0
DA:128,0
DA:129,0
DA:130,0
DA:131,0
DA:135,1
DA:136,1
DA:138,2
DA:139,1
DA:140,1
DA:141,1
DA:142,1
DA:143,1
DA:147,1
DA:148,1
DA:149,1
DA:150,1
DA:151,1
DA:155,30
DA:159,46
DA:165,46
DA:166,11
DA:167,11
DA:168,9
DA:169,9
DA:175,46
DA:179,1250
DA:180,1250
DA:181,1250
DA:182,2485
DA:183,1250
DA:184,1250
DA:185,1250
DA:187,0
DA:192,1218
DA:193,150
DA:194,150
DA:195,150
DA:196,150
DA:197,150
DA:198,0
DA:200,150
DA:201,0
DA:202,150
DA:206,16
DA:210,16
DA:211,16
DA:212,0
DA:213,0
DA:214,0
DA:215,0
DA:216,0
DA:219,0
DA:224,1
LF:117
LH:81
BRDA:13,0,0,16
BRDA:13,0,1,0
BRDA:15,1,0,16
BRDA:15,1,1,0
BRDA:16,2,0,16
BRDA:16,2,1,0
BRDA:21,3,0,16
BRDA:21,3,1,0
BRDA:28,4,0,30
BRDA:28,4,1,0
BRDA:39,5,0,12
BRDA:41,6,0,1
BRDA:41,6,1,11
BRDA:43,7,0,6
BRDA:43,7,1,5
BRDA:43,8,0,11
BRDA:43,8,1,7
BRDA:47,9,0,5
BRDA:47,9,1,1
BRDA:48,10,0,12
BRDA:48,10,1,0
BRDA:64,11,0,1
BRDA:64,11,1,0
BRDA:74,12,0,1
BRDA:74,12,1,1
BRDA:76,13,0,1
BRDA:76,13,1,0
BRDA:82,14,0,0
BRDA:82,14,1,1217
BRDA:92,15,0,0
BRDA:92,15,1,0
BRDA:100,16,0,0
BRDA:100,16,1,0
BRDA:103,17,0,0
BRDA:103,17,1,0
BRDA:106,18,0,0
BRDA:106,18,1,0
BRDA:107,19,0,0
BRDA:107,19,1,0
BRDA:109,20,0,0
BRDA:109,20,1,0
BRDA:109,21,0,0
BRDA:109,21,1,0
BRDA:118,22,0,0
BRDA:118,22,1,0
BRDA:121,23,0,0
BRDA:121,23,1,0
BRDA:122,24,0,0
BRDA:122,24,1,0
BRDA:123,25,0,0
BRDA:123,25,1,0
BRDA:127,26,0,0
BRDA:127,26,1,0
BRDA:136,27,0,0
BRDA:136,27,1,1
BRDA:138,28,0,0
BRDA:138,28,1,2
BRDA:148,29,0,0
BRDA:148,29,1,1
BRDA:158,30,0,46
BRDA:165,31,0,11
BRDA:165,31,1,35
BRDA:167,32,0,9
BRDA:167,32,1,2
BRDA:170,33,0,9
BRDA:170,33,1,8
BRDA:171,34,0,9
BRDA:171,34,1,0
BRDA:171,35,0,0
BRDA:171,35,1,9
BRDA:171,36,0,9
BRDA:171,36,1,0
BRDA:180,37,0,0
BRDA:180,37,1,1250
BRDA:192,38,0,1068
BRDA:192,38,1,150
BRDA:198,39,0,0
BRDA:198,39,1,0
BRDA:206,40,0,0
BRDA:206,40,1,16
BRDA:211,41,0,16
BRDA:211,41,1,0
BRDA:214,42,0,0
BRDA:214,42,1,0
BRDA:215,43,0,0
BRDA:215,43,1,0
BRF:86
BRH:38
end_of_record
TN:
SF:packages\gateway\lib\scheduler.js
FN:36,constructor
FN:50,start
FN:52,(anonymous_2)
FN:57,stop
FN:62,_loadSchedules
FN:70,_tick
FN:118,_wasFiredRecently
FN:131,_withTimeout
FN:133,(anonymous_8)
FN:136,(anonymous_9)
FN:137,(anonymous_10)
FN:139,(anonymous_11)
FN:142,_loadHeartbeatPrompts
FN:153,(anonymous_13)
FN:154,(anonymous_14)
FN:158,_getHeartbeatPrompt
FN:169,_rotateHeartbeatIfNeeded
FN:194,_executeHeartbeats
FN:195,(anonymous_18)
FN:245,_execute
FN:295,_executeSystem
FN:306,(anonymous_21)
FN:306,(anonymous_22)
FN:318,(anonymous_23)
FN:318,(anonymous_24)
FNF:25
FNH:6
FNDA:16,constructor
FNDA:6,start
FNDA:0,(anonymous_2)
FNDA:5,stop
FNDA:1,_loadSchedules
FNDA:0,_tick
FNDA:3,_wasFiredRecently
FNDA:0,_withTimeout
FNDA:0,(anonymous_8)
FNDA:0,(anonymous_9)
FNDA:0,(anonymous_10)
FNDA:0,(anonymous_11)
FNDA:0,_loadHeartbeatPrompts
FNDA:0,(anonymous_13)
FNDA:0,(anonymous_14)
FNDA:0,_getHeartbeatPrompt
FNDA:5,_rotateHeartbeatIfNeeded
FNDA:0,_executeHeartbeats
FNDA:0,(anonymous_18)
FNDA:0,_execute
FNDA:0,_executeSystem
FNDA:0,(anonymous_21)
FNDA:0,(anonymous_22)
FNDA:0,(anonymous_23)
FNDA:0,(anonymous_24)
DA:10,16
DA:11,16
DA:12,16
DA:13,16
DA:14,16
DA:16,16
DA:23,16
DA:26,16
DA:29,16
DA:32,16
DA:33,16
DA:37,16
DA:38,16
DA:39,16
DA:40,16
DA:41,16
DA:42,16
DA:43,16
DA:44,16
DA:45,16
DA:46,16
DA:47,16
DA:51,6
DA:52,5
DA:53,5
DA:54,6
DA:58,5
DA:59,5
DA:63,1
DA:64,1
DA:65,0
DA:66,0
DA:67,0
DA:71,0
DA:72,0
DA:73,0
DA:74,0
DA:75,0
DA:77,0
DA:79,0
DA:80,0
DA:81,0
DA:82,0
DA:84,0
DA:85,0
DA:86,0
DA:87,0
DA:89,0
DA:90,0
DA:91,0
DA:94,0
DA:95,0
DA:96,0
DA:97,0
DA:98,0
DA:99,0
DA:100,0
DA:102,0
DA:103,0
DA:104,0
DA:108,0
DA:109,0
DA:110,0
DA:111,0
DA:112,0
DA:113,0
DA:119,3
DA:120,3
DA:132,0
DA:133,0
DA:134,0
DA:137,0
DA:139,0
DA:144,0
DA:145,0
DA:146,0
DA:147,0
DA:148,0
DA:149,0
DA:150,0
DA:152,0
DA:153,0
DA:154,0
DA:155,0
DA:159,0
DA:160,0
DA:161,0
DA:170,5
DA:171,5
DA:172,4
DA:173,4
DA:175,3
DA:176,3
DA:177,3
DA:180,3
DA:181,3
DA:182,3
DA:183,3
DA:184,3
DA:185,3
DA:186,3
DA:187,3
DA:188,5
DA:190,0
DA:195,0
DA:196,0
DA:198,0
DA:199,0
DA:201,0
DA:202,0
DA:203,0
DA:205,0
DA:206,0
DA:208,0
DA:209,0
DA:210,0
DA:211,0
DA:213,0
DA:218,0
DA:219,0
DA:222,0
DA:223,0
DA:227,0
DA:229,0
DA:230,0
DA:231,0
DA:232,0
DA:233,0
DA:234,0
DA:235,0
DA:236,0
DA:239,0
DA:240,0
DA:246,0
DA:248,0
DA:249,0
DA:252,0
DA:253,0
DA:255,0
DA:256,0
DA:257,0
DA:258,0
DA:260,0
DA:261,0
DA:263,0
DA:268,0
DA:269,0
DA:272,0
DA:273,0
DA:280,0
DA:281,0
DA:283,0
DA:284,0
DA:289,0
DA:290,0
DA:291,0
DA:296,0
DA:297,0
DA:298,0
DA:299,0
DA:300,0
DA:301,0
DA:304,0
DA:305,0
DA:306,0
DA:307,0
DA:311,0
DA:312,0
DA:313,0
DA:316,0
DA:317,0
DA:318,0
DA:319,0
DA:323,0
DA:324,0
DA:325,0
DA:328,0
DA:329,0
DA:330,0
DA:331,0
DA:332,0
DA:333,0
DA:334,0
DA:337,0
DA:338,0
DA:339,0
DA:344,16
LF:187
LH:49
BRDA:43,0,0,16
BRDA:43,0,1,16
BRDA:44,1,0,16
BRDA:44,1,1,8
BRDA:47,2,0,16
BRDA:47,2,1,11
BRDA:51,3,0,1
BRDA:51,3,1,5
BRDA:58,4,0,5
BRDA:58,4,1,0
BRDA:64,5,0,1
BRDA:64,5,1,0
BRDA:64,6,0,1
BRDA:64,6,1,1
BRDA:66,7,0,0
BRDA:66,7,1,0
BRDA:80,8,0,0
BRDA:80,8,1,0
BRDA:80,9,0,0
BRDA:80,9,1,0
BRDA:81,10,0,0
BRDA:81,10,1,0
BRDA:81,11,0,0
BRDA:81,11,1,0
BRDA:82,12,0,0
BRDA:82,12,1,0
BRDA:82,13,0,0
BRDA:82,13,1,0
BRDA:85,14,0,0
BRDA:85,14,1,0
BRDA:95,15,0,0
BRDA:95,15,1,0
BRDA:95,16,0,0
BRDA:95,16,1,0
BRDA:96,17,0,0
BRDA:96,17,1,0
BRDA:96,18,0,0
BRDA:96,18,1,0
BRDA:98,19,0,0
BRDA:98,19,1,0
BRDA:108,20,0,0
BRDA:108,20,1,0
BRDA:110,21,0,0
BRDA:110,21,1,0
BRDA:120,22,0,2
BRDA:120,22,1,2
BRDA:145,23,0,0
BRDA:145,23,1,0
BRDA:148,24,0,0
BRDA:148,24,1,0
BRDA:150,25,0,0
BRDA:150,25,1,0
BRDA:160,26,0,0
BRDA:160,26,1,0
BRDA:171,27,0,1
BRDA:171,27,1,4
BRDA:173,28,0,3
BRDA:173,28,1,1
BRDA:177,29,0,1
BRDA:177,29,1,2
BRDA:196,30,0,0
BRDA:196,30,1,0
BRDA:203,31,0,0
BRDA:203,31,1,0
BRDA:205,32,0,0
BRDA:205,32,1,0
BRDA:209,33,0,0
BRDA:209,33,1,0
BRDA:210,34,0,0
BRDA:210,34,1,0
BRDA:211,35,0,0
BRDA:211,35,1,0
BRDA:218,36,0,0
BRDA:218,36,1,0
BRDA:223,37,0,0
BRDA:223,37,1,0
BRDA:227,38,0,0
BRDA:227,38,1,0
BRDA:227,39,0,0
BRDA:227,39,1,0
BRDA:230,40,0,0
BRDA:230,40,1,0
BRDA:246,41,0,0
BRDA:246,41,1,0
BRDA:246,42,0,0
BRDA:246,42,1,0
BRDA:252,43,0,0
BRDA:252,43,1,0
BRDA:256,44,0,0
BRDA:256,44,1,0
BRDA:257,45,0,0
BRDA:257,45,1,0
BRDA:258,46,0,0
BRDA:258,46,1,0
BRDA:261,47,0,0
BRDA:261,47,1,0
BRDA:268,48,0,0
BRDA:268,48,1,0
BRDA:273,49,0,0
BRDA:273,49,1,0
BRDA:283,50,0,0
BRDA:283,50,1,0
BRDA:283,51,0,0
BRDA:283,51,1,0
BRDA:283,51,2,0
BRDA:299,52,0,0
BRDA:299,52,1,0
BRDA:304,53,0,0
BRDA:304,53,1,0
BRDA:304,54,0,0
BRDA:304,54,1,0
BRDA:304,54,2,0
BRDA:306,55,0,0
BRDA:306,55,1,0
BRDA:306,55,2,0
BRDA:306,55,3,0
BRDA:316,56,0,0
BRDA:316,56,1,0
BRDA:316,57,0,0
BRDA:316,57,1,0
BRDA:316,57,2,0
BRDA:318,58,0,0
BRDA:318,58,1,0
BRDA:318,58,2,0
BRDA:318,58,3,0
BRDA:328,59,0,0
BRDA:328,59,1,0
BRDA:328,60,0,0
BRDA:328,60,1,0
BRDA:332,61,0,0
BRDA:332,61,1,0
BRF:131
BRH:20
end_of_record
TN:
SF:packages\gateway\lib\sse-bus.js
FN:12,constructor
FN:19,add
FN:29,remove
FN:38,size
FN:45,broadcast
FN:70,getMissedEvents
FN:74,(anonymous_6)
FN:82,clearBuffer
FNF:8
FNH:8
FNDA:10,constructor
FNDA:6,add
FNDA:3,remove
FNDA:5,size
FNDA:159,broadcast
FNDA:4,getMissedEvents
FNDA:104,(anonymous_6)
FNDA:1,clearBuffer
DA:8,1
DA:9,1
DA:13,10
DA:14,10
DA:15,10
DA:20,6
DA:21,3
DA:22,3
DA:24,3
DA:30,3
DA:31,1
DA:32,1
DA:34,3
DA:39,5
DA:40,5
DA:41,5
DA:47,159
DA:48,159
DA:49,159
DA:52,159
DA:53,159
DA:54,159
DA:55,1
DA:57,159
DA:59,159
DA:60,3
DA:71,4
DA:72,4
DA:73,4
DA:74,4
DA:75,104
DA:76,104
DA:77,103
DA:82,1
DA:85,1
LF:35
LH:35
BRDA:19,0,0,6
BRDA:20,1,0,3
BRDA:20,1,1,3
BRDA:21,2,0,3
BRDA:21,2,1,0
BRDA:32,3,0,1
BRDA:32,3,1,0
BRDA:45,4,0,159
BRDA:49,5,0,50
BRDA:49,5,1,109
BRDA:54,6,0,1
BRDA:54,6,1,158
BRDA:54,7,0,159
BRDA:54,7,1,4
BRDA:71,8,0,0
BRDA:71,8,1,4
BRDA:75,9,0,0
BRDA:75,9,1,104
BRDA:76,10,0,1
BRDA:76,10,1,103
BRDA:76,11,0,104
BRDA:76,11,1,2
BRDA:76,11,2,2
BRF:23
BRH:19
end_of_record
TN:
SF:packages\gateway\lib\tool-runner.js
FN:32,constructor
FN:43,slash
FN:45,sleep
FN:45,(anonymous_3)
FN:48,withTimeout
FN:51,(anonymous_5)
FN:52,(anonymous_6)
FN:58,withRetry
FN:73,loadAgentFiles
FN:89,loadToolsMd
FN:103,_isPathBlocked
FN:112,_checkPathSafety
FN:127,_isPathParam
FN:133,_filterToolsByPermissions
FN:135,(anonymous_14)
FN:138,_isToolAllowed
FN:145,buildToolInstruction
FN:155,(anonymous_17)
FN:166,executeToolCall
FN:196,(anonymous_19)
FN:212,callWithTools
FN:223,(anonymous_21)
FN:242,(anonymous_22)
FNF:23
FNH:4
FNDA:5,constructor
FNDA:181,slash
FNDA:0,sleep
FNDA:0,(anonymous_3)
FNDA:0,withTimeout
FNDA:0,(anonymous_5)
FNDA:0,(anonymous_6)
FNDA:0,withRetry
FNDA:0,loadAgentFiles
FNDA:0,loadToolsMd
FNDA:0,_isPathBlocked
FNDA:0,_checkPathSafety
FNDA:0,_isPathParam
FNDA:0,_filterToolsByPermissions
FNDA:0,(anonymous_14)
FNDA:0,_isToolAllowed
FNDA:3,buildToolInstruction
FNDA:3,(anonymous_17)
FNDA:0,executeToolCall
FNDA:0,(anonymous_19)
FNDA:0,callWithTools
FNDA:0,(anonymous_21)
FNDA:0,(anonymous_22)
DA:10,16
DA:11,16
DA:15,16
DA:16,16
DA:17,16
DA:18,16
DA:20,16
DA:27,0
DA:33,0
DA:34,0
DA:35,0
DA:36,0
DA:37,5
DA:43,181
DA:45,0
DA:49,0
DA:52,0
DA:59,0
DA:61,0
DA:62,0
DA:63,0
DA:64,0
DA:65,0
DA:68,0
DA:74,0
DA:75,0
DA:76,0
DA:78,0
DA:79,8
DA:80,8
DA:81,8
DA:82,2
DA:86,0
DA:90,2
DA:91,1
DA:92,0
DA:93,0
DA:94,0
DA:95,0
DA:98,1
DA:104,13
DA:105,13
DA:106,161
DA:107,161
DA:109,6
DA:113,1
DA:114,7
DA:117,7
DA:118,1
DA:122,6
DA:124,4
DA:128,0
DA:134,0
DA:135,0
DA:139,0
DA:140,0
DA:146,3
DA:149,3
DA:152,3
DA:155,3
DA:168,0
DA:169,0
DA:170,0
DA:174,0
DA:175,0
DA:176,0
DA:177,0
DA:178,0
DA:180,0
DA:185,0
DA:186,0
DA:187,0
DA:188,0
DA:189,0
DA:190,0
DA:196,0
DA:197,0
DA:201,0
DA:202,0
DA:203,0
DA:206,0
DA:207,0
DA:213,0
DA:214,0
DA:215,0
DA:217,0
DA:218,0
DA:219,0
DA:222,0
DA:223,0
DA:224,0
DA:228,0
DA:233,0
DA:234,0
DA:237,0
DA:239,0
DA:242,0
DA:249,0
DA:250,0
DA:251,0
DA:252,0
DA:254,0
DA:255,0
DA:260,0
DA:265,0
DA:266,0
DA:267,0
DA:270,0
DA:271,0
DA:274,1
LF:110
LH:32
BRDA:32,0,0,0
BRDA:32,1,0,5
BRDA:32,2,0,0
BRDA:32,3,0,0
BRDA:43,4,0,181
BRDA:43,4,1,0
BRDA:52,5,0,0
BRDA:52,5,1,0
BRDA:64,6,0,0
BRDA:64,6,1,0
BRDA:65,7,0,0
BRDA:65,7,1,0
BRDA:75,8,0,0
BRDA:75,8,1,1
BRDA:81,9,0,2
BRDA:81,9,1,6
BRDA:90,10,0,2
BRDA:90,10,1,-2
BRDA:91,11,0,1
BRDA:91,11,1,1
BRDA:94,12,0,0
BRDA:94,12,1,0
BRDA:107,13,0,7
BRDA:107,13,1,154
BRDA:107,14,0,161
BRDA:107,14,1,161
BRDA:113,15,0,1
BRDA:113,15,1,-1
BRDA:117,16,0,1
BRDA:117,16,1,6
BRDA:117,17,0,7
BRDA:117,17,1,4
BRDA:122,18,0,2
BRDA:122,18,1,4
BRDA:134,19,0,0
BRDA:134,19,1,0
BRDA:134,20,0,0
BRDA:134,20,1,0
BRDA:139,21,0,0
BRDA:139,21,1,0
BRDA:139,22,0,0
BRDA:139,22,1,0
BRDA:149,23,0,0
BRDA:149,23,1,3
BRDA:152,24,0,1
BRDA:152,24,1,2
BRDA:152,25,0,3
BRDA:152,25,1,3
BRDA:168,26,0,0
BRDA:168,26,1,0
BRDA:169,27,0,0
BRDA:169,27,1,0
BRDA:175,28,0,0
BRDA:175,28,1,0
BRDA:175,29,0,0
BRDA:175,29,1,0
BRDA:177,30,0,0
BRDA:177,30,1,0
BRDA:177,31,0,0
BRDA:177,31,1,0
BRDA:186,32,0,0
BRDA:186,32,1,0
BRDA:188,33,0,0
BRDA:188,33,1,0
BRDA:189,34,0,0
BRDA:189,34,1,0
BRDA:201,35,0,0
BRDA:201,35,1,0
BRDA:202,36,0,0
BRDA:202,36,1,0
BRDA:206,37,0,0
BRDA:206,37,1,0
BRDA:213,38,0,0
BRDA:213,38,1,0
BRDA:214,39,0,0
BRDA:214,39,1,0
BRDA:215,40,0,0
BRDA:215,40,1,0
BRDA:215,41,0,0
BRDA:215,41,1,0
BRDA:217,42,0,0
BRDA:217,42,1,0
BRDA:218,43,0,0
BRDA:218,43,1,0
BRDA:219,44,0,0
BRDA:219,44,1,0
BRDA:223,45,0,0
BRDA:223,45,1,0
BRDA:223,46,0,0
BRDA:223,46,1,0
BRDA:223,46,2,0
BRDA:223,47,0,0
BRDA:223,47,1,0
BRDA:229,48,0,0
BRDA:229,48,1,0
BRDA:233,49,0,0
BRDA:233,49,1,0
BRDA:233,50,0,0
BRDA:233,50,1,0
BRDA:233,50,2,0
BRDA:234,51,0,0
BRDA:234,51,1,0
BRDA:234,52,0,0
BRDA:234,52,1,0
BRDA:237,53,0,0
BRDA:237,53,1,0
BRDA:255,54,0,0
BRDA:255,54,1,0
BRDA:261,55,0,0
BRDA:261,55,1,0
BRDA:265,56,0,0
BRDA:265,56,1,0
BRDA:265,57,0,0
BRDA:265,57,1,0
BRDA:265,57,2,0
BRDA:266,58,0,0
BRDA:266,58,1,0
BRDA:270,59,0,0
BRDA:270,59,1,0
BRDA:271,60,0,0
BRDA:271,60,1,0
BRDA:271,61,0,0
BRDA:271,61,1,0
BRF:123
BRH:24
end_of_record
TN:
SF:packages\knowledge\index.js
FN:12,createKnowledgeBase
FNF:1
FNH:1
FNDA:4,createKnowledgeBase
DA:8,1
DA:9,1
DA:10,1
DA:13,4
DA:14,4
DA:15,4
DA:16,4
DA:17,4
DA:20,1
LF:9
LH:9
BRF:0
BRH:0
end_of_record
TN:
SF:packages\knowledge\indexer.js
FN:14,constructor
FN:19,rebuild
FN:54,updateEntry
FN:89,getIndex
FNF:4
FNH:3
FNDA:4,constructor
FNDA:1,rebuild
FNDA:6,updateEntry
FNDA:0,getIndex
DA:8,1
DA:15,4
DA:20,1
DA:21,1
DA:23,1
DA:24,6
DA:25,6
DA:26,1
DA:42,7
DA:49,7
DA:50,7
DA:55,6
DA:56,6
DA:57,6
DA:59,0
DA:74,0
DA:75,0
DA:76,0
DA:77,0
DA:78,0
DA:81,0
DA:82,0
DA:83,0
DA:84,0
DA:85,0
DA:90,0
DA:91,1
DA:92,0
DA:96,1
LF:29
LH:16
BRDA:25,0,0,0
BRDA:25,0,1,6
BRDA:38,1,0,7
BRDA:38,1,1,0
BRDA:55,2,0,6
BRDA:55,2,1,6
BRDA:57,3,0,6
BRDA:57,3,1,0
BRDA:70,4,0,0
BRDA:70,4,1,0
BRDA:76,5,0,0
BRDA:76,5,1,0
BRDA:81,6,0,0
BRDA:81,6,1,0
BRDA:91,7,0,1
BRDA:91,7,1,0
BRDA:91,8,0,1
BRDA:91,8,1,1
BRDA:91,8,2,1
BRF:19
BRH:9
end_of_record
TN:
SF:packages\knowledge\search.js
FN:12,constructor
FN:18,search
FN:31,(anonymous_2)
FN:32,(anonymous_3)
FN:58,(anonymous_4)
FN:63,stats
FN:69,_getIndex
FN:75,refresh
FNF:8
FNH:6
FNDA:0,constructor
FNDA:1,search
FNDA:4,(anonymous_2)
FNDA:3,(anonymous_3)
FNDA:11,(anonymous_4)
FNDA:1,stats
FNDA:8,_getIndex
FNDA:0,refresh
DA:13,9
DA:14,9
DA:19,1
DA:20,1
DA:22,8
DA:23,8
DA:25,8
DA:26,0
DA:28,0
DA:30,0
DA:31,4
DA:32,3
DA:34,22
DA:35,22
DA:37,20
DA:38,23
DA:39,23
DA:40,23
DA:42,0
DA:43,23
DA:45,0
DA:46,3
DA:47,12
DA:48,20
DA:49,20
DA:52,20
DA:53,16
DA:58,11
DA:59,8
DA:64,1
DA:65,1
DA:66,0
DA:70,8
DA:71,8
DA:76,0
DA:77,0
DA:78,0
DA:80,0
DA:85,1
LF:39
LH:29
BRDA:18,0,0,1
BRDA:19,1,0,1
BRDA:20,2,0,1
BRDA:20,2,1,0
BRDA:20,3,0,1
BRDA:20,3,1,2
BRDA:23,4,0,0
BRDA:23,4,1,8
BRDA:23,5,0,8
BRDA:23,5,1,0
BRDA:25,6,0,7
BRDA:25,6,1,1
BRDA:30,7,0,0
BRDA:30,7,1,0
BRDA:30,8,0,0
BRDA:30,8,1,3
BRDA:31,9,0,0
BRDA:31,9,1,0
BRDA:32,10,0,1
BRDA:32,10,1,2
BRDA:34,11,0,0
BRDA:34,11,1,22
BRDA:34,12,0,22
BRDA:34,12,1,0
BRDA:35,13,0,2
BRDA:35,13,1,20
BRDA:37,14,0,20
BRDA:37,14,1,0
BRDA:38,15,0,23
BRDA:38,15,1,15
BRDA:39,16,0,23
BRDA:39,16,1,0
BRDA:40,17,0,23
BRDA:40,17,1,15
BRDA:46,18,0,3
BRDA:46,18,1,-3
BRDA:47,19,0,12
BRDA:47,19,1,-12
BRDA:48,20,0,1
BRDA:48,20,1,19
BRDA:49,21,0,0
BRDA:49,21,1,20
BRDA:52,22,0,16
BRDA:52,22,1,4
BRDA:58,23,0,11
BRDA:58,23,1,1
BRDA:58,24,0,11
BRDA:58,24,1,1
BRDA:65,25,0,0
BRDA:65,25,1,1
BRDA:70,26,0,8
BRDA:70,26,1,0
BRDA:76,27,0,0
BRDA:76,27,1,0
BRF:54
BRH:35
end_of_record
TN:
SF:packages\knowledge\storage.js
FN:13,constructor
FN:18,ensure
FN:22,getAllNoteFiles
FN:27,_walkDir
FN:37,readNote
FN:57,writeNote
FN:74,deleteNote
FN:83,removeFromIndex
FN:87,(anonymous_8)
FN:95,importNote
FN:103,loadIndex
FN:110,saveIndex
FNF:12
FNH:9
FNDA:4,constructor
FNDA:7,ensure
FNDA:1,getAllNoteFiles
FNDA:16,_walkDir
FNDA:7,readNote
FNDA:2,writeNote
FNDA:0,deleteNote
FNDA:1,removeFromIndex
FNDA:0,(anonymous_8)
FNDA:0,importNote
FNDA:1,loadIndex
FNDA:1,saveIndex
DA:8,1
DA:9,1
DA:10,1
DA:14,4
DA:15,4
DA:19,7
DA:23,1
DA:24,1
DA:28,16
DA:29,0
DA:30,6
DA:31,6
DA:32,1
DA:34,7
DA:38,7
DA:39,7
DA:40,7
DA:41,7
DA:54,0
DA:58,2
DA:59,2
DA:60,2
DA:61,2
DA:62,2
DA:64,8
DA:65,8
DA:66,8
DA:67,0
DA:68,8
DA:70,8
DA:71,0
DA:75,0
DA:76,0
DA:84,1
DA:85,1
DA:86,0
DA:87,0
DA:88,2
DA:89,2
DA:90,0
DA:91,2
DA:96,0
DA:97,1
DA:98,1
DA:104,1
DA:105,1
DA:107,0
DA:111,1
DA:112,1
DA:116,7
LF:50
LH:39
BRDA:19,0,0,1
BRDA:19,0,1,6
BRDA:23,1,0,0
BRDA:23,1,1,1
BRDA:31,2,0,0
BRDA:31,2,1,1
BRDA:32,3,0,1
BRDA:32,3,1,0
BRDA:32,4,0,1
BRDA:32,4,1,1
BRDA:44,5,0,16
BRDA:44,5,1,0
BRDA:45,6,0,16
BRDA:45,6,1,16
BRDA:46,7,0,16
BRDA:46,7,1,0
BRDA:47,8,0,16
BRDA:47,8,1,16
BRDA:48,9,0,16
BRDA:48,9,1,0
BRDA:49,10,0,0
BRDA:49,10,1,16
BRDA:49,10,2,16
BRDA:51,11,0,16
BRDA:51,11,1,0
BRDA:52,12,0,16
BRDA:52,12,1,16
BRDA:58,13,0,2
BRDA:58,13,1,2
BRDA:62,14,0,0
BRDA:62,14,1,2
BRDA:65,15,0,8
BRDA:65,15,1,0
BRDA:65,16,0,8
BRDA:65,16,1,8
BRDA:66,17,0,0
BRDA:66,17,1,8
BRDA:67,18,0,0
BRDA:67,18,1,0
BRDA:68,19,0,0
BRDA:68,19,1,8
BRDA:85,20,0,0
BRDA:85,20,1,1
BRDA:85,21,0,1
BRDA:85,21,1,0
BRDA:88,22,0,2
BRDA:88,22,1,0
BRDA:98,23,0,1
BRDA:98,23,1,1
BRDA:98,24,0,0
BRDA:98,24,1,0
BRDA:105,25,0,1
BRDA:105,25,1,0
BRF:53
BRH:33
end_of_record
TN:
SF:packages\llm\client.js
FN:24,httpRequest
FN:35,(anonymous_1)
FN:55,(anonymous_2)
FN:74,(anonymous_3)
FNF:4
FNH:2
FNDA:0,httpRequest
FNDA:2,(anonymous_1)
FNDA:0,(anonymous_2)
FNDA:2,(anonymous_3)
DA:13,1
DA:14,1
DA:30,0
DA:32,0
DA:33,3
DA:34,3
DA:35,3
DA:38,3
DA:42,3
DA:52,0
DA:54,0
DA:55,0
DA:56,0
DA:57,0
DA:59,0
DA:62,0
DA:65,3
DA:66,3
DA:68,3
DA:69,1
DA:70,1
DA:74,2
DA:79,1
LF:23
LH:14
BRDA:27,0,0,0
BRDA:28,1,0,0
BRDA:29,2,0,0
BRDA:38,3,0,0
BRDA:38,3,1,3
BRDA:45,4,0,0
BRDA:45,4,1,3
BRDA:54,5,0,0
BRDA:54,5,1,0
BRDA:56,6,0,0
BRDA:56,6,1,0
BRDA:56,7,0,0
BRDA:56,7,1,0
BRDA:68,8,0,1
BRDA:68,8,1,2
BRDA:69,9,0,0
BRDA:69,9,1,1
BRF:17
BRH:5
end_of_record
TN:
SF:packages\llm\config.js
FN:11,constructor
FN:15,_defaults
FN:27,set
FN:38,get
FN:43,getActive
FNF:5
FNH:3
FNDA:0,constructor
FNDA:0,_defaults
FNDA:10,set
FNDA:1,get
FNDA:7,getActive
DA:8,2
DA:12,0
DA:16,0
DA:28,10
DA:29,10
DA:30,10
DA:31,9
DA:32,7
DA:33,3
DA:34,2
DA:39,7
DA:44,1
DA:50,2
LF:13
LH:11
BRDA:28,0,0,10
BRDA:28,0,1,0
BRDA:29,1,0,10
BRDA:29,1,1,0
BRDA:30,2,0,10
BRDA:30,2,1,0
BRDA:31,3,0,9
BRDA:31,3,1,-9
BRDA:32,4,0,4
BRDA:32,4,1,3
BRDA:33,5,0,3
BRDA:33,5,1,0
BRDA:34,6,0,2
BRDA:34,6,1,0
BRDA:43,7,0,1
BRDA:44,8,0,1
BRDA:44,8,1,5
BRDA:45,9,0,1
BRDA:45,9,1,0
BRDA:46,10,0,5
BRDA:46,10,1,0
BRF:21
BRH:13
end_of_record
TN:
SF:packages\llm\format.js
FN:15,stripThinking
FN:22,safeJSONParse
FN:46,buildBody
FN:64,parseResponse
FN:78,(anonymous_4)
FNF:5
FNH:3
FNDA:8,stripThinking
FNDA:8,safeJSONParse
FNDA:0,buildBody
FNDA:0,parseResponse
FNDA:2,(anonymous_4)
DA:16,8
DA:23,8
DA:24,6
DA:25,6
DA:28,4
DA:29,4
DA:36,2
DA:47,1
DA:48,2
DA:53,3
DA:54,1
DA:56,2
DA:65,0
DA:66,2
DA:69,4
DA:70,0
DA:72,4
DA:74,0
DA:75,2
DA:76,2
DA:79,2
DA:80,2
DA:89,0
DA:93,2
DA:96,1
LF:25
LH:21
BRDA:16,0,0,4
BRDA:16,0,1,4
BRDA:23,1,0,2
BRDA:23,1,1,6
BRDA:23,2,0,2
BRDA:23,2,1,2
BRDA:23,2,2,0
BRDA:36,3,0,2
BRDA:36,3,1,0
BRDA:47,4,0,1
BRDA:47,4,1,-1
BRDA:47,5,0,0
BRDA:47,5,1,0
BRDA:49,6,0,2
BRDA:49,6,1,0
BRDA:51,7,0,3
BRDA:51,7,1,2
BRDA:53,8,0,1
BRDA:53,8,1,2
BRDA:53,9,0,3
BRDA:53,9,1,1
BRDA:65,10,0,2
BRDA:65,10,1,-2
BRDA:65,11,0,0
BRDA:65,11,1,5
BRDA:65,11,2,4
BRDA:69,12,0,4
BRDA:69,12,1,0
BRDA:70,13,0,0
BRDA:70,13,1,0
BRDA:72,14,0,4
BRDA:72,14,1,3
BRDA:74,15,0,2
BRDA:74,15,1,-2
BRDA:74,16,0,0
BRDA:74,16,1,2
BRDA:79,17,0,2
BRDA:79,17,1,0
BRDA:81,18,0,2
BRDA:81,18,1,0
BRDA:82,19,0,2
BRDA:82,19,1,2
BRDA:82,19,2,0
BRF:43
BRH:27
end_of_record
TN:
SF:packages\llm\health.js
FN:18,constructor
FN:29,state
FN:36,call
FN:68,status
FN:81,reset
FNF:5
FNH:5
FNDA:8,constructor
FNDA:9,state
FNDA:10,call
FNDA:1,status
FNDA:1,reset
DA:15,1
DA:19,8
DA:20,8
DA:21,8
DA:29,9
DA:37,10
DA:38,3
DA:39,3
DA:40,1
DA:43,2
DA:46,9
DA:47,9
DA:49,2
DA:50,2
DA:51,1
DA:53,2
DA:54,2
DA:56,7
DA:57,7
DA:59,7
DA:60,6
DA:61,6
DA:63,7
DA:69,1
DA:82,1
DA:83,1
DA:84,1
DA:88,1
LF:28
LH:28
BRDA:18,0,0,8
BRDA:19,1,0,8
BRDA:19,1,1,3
BRDA:20,2,0,8
BRDA:20,2,1,4
BRDA:37,3,0,3
BRDA:37,3,1,7
BRDA:39,4,0,1
BRDA:39,4,1,2
BRDA:50,5,0,1
BRDA:50,5,1,1
BRDA:59,6,0,6
BRDA:59,6,1,1
BRDA:73,7,0,0
BRDA:73,7,1,1
BRF:15
BRH:14
end_of_record
TN:
SF:packages\llm\signal.js
FN:11,combineSignals
FN:15,(anonymous_1)
FNF:2
FNH:0
FNDA:0,combineSignals
FNDA:0,(anonymous_1)
DA:12,0
DA:13,0
DA:14,0
DA:15,0
DA:16,0
DA:17,7
DA:18,7
DA:19,4
DA:22,4
LF:9
LH:4
BRDA:12,0,0,0
BRDA:12,0,1,0
BRDA:13,1,0,0
BRDA:13,1,1,0
BRDA:18,2,0,1
BRDA:18,2,1,6
BRDA:18,3,0,2
BRDA:18,3,1,5
BRF:8
BRH:4
end_of_record
TN:
SF:packages\llm\stream.js
FN:20,parseSSEStream
FN:63,streamRequest
FN:67,(anonymous_2)
FN:87,(anonymous_3)
FNF:4
FNH:1
FNDA:4,parseSSEStream
FNDA:0,streamRequest
FNDA:0,(anonymous_2)
FNDA:0,(anonymous_3)
DA:13,0
DA:21,4
DA:22,4
DA:23,4
DA:25,4
DA:26,12
DA:27,12
DA:29,12
DA:30,12
DA:31,12
DA:33,12
DA:34,12
DA:35,12
DA:37,11
DA:38,11
DA:40,7
DA:41,7
DA:43,7
DA:47,12
DA:64,0
DA:66,0
DA:67,0
DA:69,0
DA:73,0
DA:74,0
DA:84,0
DA:86,0
DA:87,0
DA:88,0
DA:91,0
DA:94,0
DA:98,1
LF:32
LH:19
BRDA:27,0,0,0
BRDA:27,0,1,12
BRDA:31,1,0,12
BRDA:31,1,1,12
BRDA:35,2,0,1
BRDA:35,2,1,11
BRDA:38,3,0,4
BRDA:38,3,1,7
BRDA:43,4,0,7
BRDA:43,4,1,2
BRDA:43,4,2,2
BRDA:43,4,3,0
BRDA:47,5,0,6
BRDA:47,5,1,6
BRDA:64,6,0,0
BRDA:69,7,0,0
BRDA:69,7,1,0
BRDA:77,8,0,0
BRDA:77,8,1,0
BRDA:86,9,0,0
BRDA:86,9,1,0
BRF:21
BRH:12
end_of_record
TN:
SF:packages\llm\providers\openai-compat.js
FN:5,resolveChatUrl
FN:11,call
FN:15,(anonymous_2)
FN:20,stream
FN:28,healthCheck
FNF:5
FNH:0
FNDA:0,resolveChatUrl
FNDA:0,call
FNDA:0,(anonymous_2)
FNDA:0,stream
FNDA:0,healthCheck
DA:1,1
DA:2,1
DA:3,1
DA:6,0
DA:7,0
DA:8,0
DA:12,0
DA:13,0
DA:15,0
DA:16,0
DA:17,0
DA:21,0
DA:22,0
DA:24,0
DA:25,0
DA:29,0
DA:30,0
DA:31,0
DA:32,0
DA:36,0
DA:38,0
DA:42,1
LF:22
LH:4
BRDA:6,0,0,0
BRDA:6,0,1,0
BRDA:7,1,0,0
BRDA:7,1,1,0
BRDA:13,2,0,0
BRDA:13,2,1,0
BRDA:16,3,0,0
BRDA:16,3,1,0
BRDA:22,4,0,0
BRDA:22,4,1,0
BRDA:32,5,0,0
BRDA:32,5,1,0
BRDA:34,6,0,0
BRDA:34,6,1,0
BRF:14
BRH:0
end_of_record
TN:
SF:packages\llm\providers\openclaw.js
FN:5,call
FN:9,(anonymous_1)
FN:14,stream
FN:20,healthCheck
FNF:4
FNH:0
FNDA:0,call
FNDA:0,(anonymous_1)
FNDA:0,stream
FNDA:0,healthCheck
DA:1,1
DA:2,1
DA:3,1
DA:6,0
DA:7,0
DA:9,0
DA:10,0
DA:11,0
DA:15,0
DA:16,0
DA:17,0
DA:21,0
DA:22,0
DA:23,0
DA:24,0
DA:28,0
DA:30,0
DA:34,1
LF:18
LH:4
BRDA:10,0,0,0
BRDA:10,0,1,0
BRDA:26,1,0,0
BRDA:26,1,1,0
BRF:4
BRH:0
end_of_record
TN:
SF:packages\memory\context.js
FN:26,getRecentWeekKeys
FN:50,buildContext
FN:58,(anonymous_2)
FNF:3
FNH:1
FNDA:0,getRecentWeekKeys
FNDA:0,buildContext
FNDA:2,(anonymous_2)
DA:18,0
DA:19,0
DA:27,0
DA:28,0
DA:29,0
DA:30,30
DA:31,30
DA:32,30
DA:33,30
DA:34,30
DA:35,30
DA:36,30
DA:37,30
DA:39,15
DA:51,0
DA:52,0
DA:53,0
DA:56,0
DA:57,0
DA:58,2
DA:59,2
DA:61,2
DA:65,0
DA:66,0
DA:67,0
DA:68,0
DA:69,30
DA:70,30
DA:71,1
DA:74,0
DA:75,1
DA:80,0
DA:81,0
DA:82,0
DA:83,0
DA:84,2
DA:89,0
DA:90,14
DA:91,14
DA:92,14
DA:93,14
DA:98,0
DA:99,0
DA:100,0
DA:101,0
DA:102,2
DA:107,0
DA:108,0
DA:109,0
DA:110,15
DA:111,15
DA:115,15
DA:118,1
LF:53
LH:26
BRDA:26,0,0,0
BRDA:32,1,0,30
BRDA:32,1,1,0
BRDA:50,2,0,0
BRDA:51,3,0,0
BRDA:57,4,0,2
BRDA:57,4,1,-2
BRDA:65,5,0,0
BRDA:65,5,1,0
BRDA:70,6,0,1
BRDA:70,6,1,29
BRDA:74,7,0,1
BRDA:74,7,1,-1
BRDA:80,8,0,0
BRDA:80,8,1,0
BRDA:84,9,0,2
BRDA:84,9,1,-2
BRDA:89,10,0,14
BRDA:89,10,1,-14
BRDA:89,11,0,0
BRDA:89,11,1,0
BRDA:93,12,0,5
BRDA:93,12,1,9
BRDA:98,13,0,0
BRDA:98,13,1,0
BRDA:102,14,0,2
BRDA:102,14,1,-2
BRDA:107,15,0,0
BRDA:107,15,1,0
BRDA:111,16,0,2
BRDA:111,16,1,13
BRF:31
BRH:12
end_of_record
TN:
SF:packages\memory\index.js
FNF:0
FNH:0
DA:17,1
DA:18,1
DA:19,1
DA:21,1
LF:4
LH:4
BRF:0
BRH:0
end_of_record
TN:
SF:packages\memory\pipeline.js
FN:50,generateDailySummary
FN:55,(anonymous_1)
FN:61,(anonymous_2)
FN:93,generateWeeklyDigest
FN:97,(anonymous_4)
FN:125,archive
FNF:6
FNH:6
FNDA:3,generateDailySummary
FNDA:4,(anonymous_1)
FNDA:3,(anonymous_2)
FNDA:2,generateWeeklyDigest
FNDA:2,(anonymous_4)
FNDA:2,archive
DA:8,1
DA:30,1
DA:51,3
DA:52,3
DA:54,2
DA:55,2
DA:56,4
DA:58,2
DA:61,1
DA:62,3
DA:63,3
DA:66,1
DA:68,1
DA:69,1
DA:73,1
DA:74,1
DA:77,1
DA:79,1
DA:81,0
DA:82,0
DA:94,2
DA:95,2
DA:97,2
DA:98,1
DA:100,1
DA:101,1
DA:105,1
DA:106,1
DA:107,1
DA:110,1
DA:112,1
DA:114,0
DA:115,0
DA:126,2
DA:127,1
DA:130,1
LF:36
LH:32
BRDA:52,0,0,1
BRDA:52,0,1,2
BRDA:58,1,0,1
BRDA:58,1,1,1
BRDA:62,2,0,2
BRDA:62,2,1,1
BRDA:62,3,0,1
BRDA:62,3,1,0
BRDA:95,4,0,1
BRDA:95,4,1,1
BRDA:126,5,0,1
BRDA:126,5,1,1
BRF:12
BRH:11
end_of_record
TN:
SF:packages\memory\storage.js
FN:17,constructor
FN:30,saveDailySummary
FN:36,getDailySummary
FN:42,getRecentDailySummaries
FN:54,cleanDailySummaries
FN:71,saveWeeklyDigest
FN:77,getWeeklyDigest
FN:83,cleanWeeklyDigests
FN:86,(anonymous_8)
FN:96,appendArchive
FN:103,appendMilestone
FN:108,getMilestones
FN:118,ISOWeekKey
FN:127,_getISOWeekKey
FN:139,_ensureDirs
FN:140,(anonymous_15)
FNF:16
FNH:12
FNDA:33,constructor
FNDA:6,saveDailySummary
FNDA:109,getDailySummary
FNDA:0,getRecentDailySummaries
FNDA:1,cleanDailySummaries
FNDA:62,saveWeeklyDigest
FNDA:32,getWeeklyDigest
FNDA:1,cleanWeeklyDigests
FNDA:60,(anonymous_8)
FNDA:4,appendArchive
FNDA:0,appendMilestone
FNDA:0,getMilestones
FNDA:0,ISOWeekKey
FNDA:5,_getISOWeekKey
FNDA:33,_ensureDirs
FNDA:66,(anonymous_15)
DA:8,1
DA:9,1
DA:18,33
DA:19,33
DA:20,33
DA:21,33
DA:22,33
DA:23,0
DA:24,33
DA:31,6
DA:32,6
DA:37,109
DA:38,109
DA:43,0
DA:44,0
DA:45,105
DA:46,105
DA:47,105
DA:48,105
DA:50,15
DA:55,1
DA:56,1
DA:57,1
DA:58,1
DA:59,2
DA:60,2
DA:61,0
DA:62,0
DA:63,1
DA:72,62
DA:73,62
DA:78,32
DA:79,32
DA:84,1
DA:85,1
DA:86,60
DA:87,0
DA:88,8
DA:89,8
DA:97,4
DA:104,0
DA:109,1
DA:119,0
DA:120,0
DA:128,5
DA:130,5
DA:132,5
DA:133,0
DA:134,0
DA:135,0
DA:136,0
DA:140,33
DA:141,66
DA:146,3
LF:54
LH:41
BRDA:17,0,0,33
BRDA:23,1,0,2
BRDA:23,1,1,31
BRDA:42,2,0,0
BRDA:48,3,0,2
BRDA:48,3,1,103
BRDA:54,4,0,1
BRDA:55,5,0,0
BRDA:55,5,1,1
BRDA:59,6,0,0
BRDA:59,6,1,2
BRDA:62,7,0,1
BRDA:62,7,1,-1
BRDA:62,8,0,0
BRDA:62,8,1,0
BRDA:83,9,0,1
BRDA:84,10,0,0
BRDA:84,10,1,1
BRDA:130,11,0,5
BRDA:130,11,1,0
BRDA:141,12,0,62
BRDA:141,12,1,4
BRF:22
BRH:14
end_of_record
TN:
SF:packages\registry\mcp-bridge.js
FN:21,constructor
FN:30,_backoffDelay
FN:42,connectServer
FN:76,(anonymous_3)
FN:81,(anonymous_4)
FN:90,_formatTools
FN:91,(anonymous_6)
FN:99,(anonymous_7)
FN:109,_callTool
FN:120,(anonymous_9)
FN:131,_reconnect
FN:143,(anonymous_11)
FN:148,(anonymous_12)
FN:156,(anonymous_13)
FN:163,disconnectAll
FN:176,getStatus
FNF:16
FNH:7
FNDA:11,constructor
FNDA:14,_backoffDelay
FNDA:1,connectServer
FNDA:0,(anonymous_3)
FNDA:0,(anonymous_4)
FNDA:2,_formatTools
FNDA:1,(anonymous_6)
FNDA:0,(anonymous_7)
FNDA:0,_callTool
FNDA:0,(anonymous_9)
FNDA:0,_reconnect
FNDA:0,(anonymous_11)
FNDA:0,(anonymous_12)
FNDA:0,(anonymous_13)
FNDA:1,disconnectAll
FNDA:1,getStatus
DA:8,1
DA:9,1
DA:12,1
DA:14,1
DA:16,1
DA:18,1
DA:22,11
DA:31,14
DA:33,14
DA:34,14
DA:43,1
DA:44,0
DA:47,1
DA:52,1
DA:58,1
DA:59,1
DA:61,1
DA:65,0
DA:68,0
DA:73,0
DA:76,0
DA:77,0
DA:78,0
DA:79,0
DA:80,0
DA:81,0
DA:84,0
DA:91,2
DA:93,1
DA:94,1
DA:100,0
DA:110,0
DA:111,0
DA:112,0
DA:114,0
DA:115,0
DA:119,0
DA:120,0
DA:122,0
DA:124,0
DA:132,0
DA:133,0
DA:134,0
DA:135,0
DA:136,0
DA:137,0
DA:138,0
DA:139,0
DA:140,0
DA:141,0
DA:143,0
DA:144,0
DA:145,0
DA:146,0
DA:147,0
DA:148,0
DA:151,0
DA:153,0
DA:154,0
DA:155,0
DA:156,0
DA:164,1
DA:165,0
DA:166,0
DA:167,0
DA:170,1
DA:177,1
DA:178,1
DA:179,0
DA:186,1
DA:190,1
LF:71
LH:25
BRDA:43,0,0,0
BRDA:43,0,1,1
BRDA:54,1,0,1
BRDA:54,1,1,0
BRDA:55,2,0,1
BRDA:55,2,1,1
BRDA:91,3,0,2
BRDA:91,3,1,0
BRDA:96,4,0,1
BRDA:96,4,1,0
BRDA:97,5,0,1
BRDA:97,5,1,0
BRDA:111,6,0,0
BRDA:111,6,1,0
BRDA:111,7,0,0
BRDA:111,7,1,0
BRDA:119,8,0,0
BRDA:119,8,1,0
BRDA:119,9,0,0
BRDA:119,9,1,0
BRDA:120,10,0,0
BRDA:120,10,1,0
BRDA:122,11,0,0
BRDA:122,11,1,0
BRDA:133,12,0,0
BRDA:133,12,1,0
BRDA:181,13,0,0
BRDA:181,13,1,0
BRF:28
BRH:7
end_of_record
TN:
SF:packages\registry\skill-registry.js
FN:20,constructor
FN:26,register
FN:32,get
FN:37,list
FN:48,execute
FN:84,isAllowed
FN:90,size
FN:94,_resolveRef
FN:97,(anonymous_8)
FNF:9
FNH:6
FNDA:13,constructor
FNDA:7,register
FNDA:3,get
FNDA:3,list
FNDA:1,execute
FNDA:8,isAllowed
FNDA:0,size
FNDA:0,_resolveRef
FNDA:0,(anonymous_8)
DA:21,13
DA:22,13
DA:27,7
DA:28,6
DA:33,3
DA:38,3
DA:49,1
DA:50,1
DA:52,0
DA:53,0
DA:55,0
DA:56,0
DA:57,0
DA:60,0
DA:61,0
DA:62,0
DA:63,0
DA:68,0
DA:71,0
DA:72,0
DA:73,0
DA:76,0
DA:86,8
DA:87,4
DA:90,0
DA:95,0
DA:97,0
DA:98,0
DA:99,0
DA:100,0
DA:101,0
DA:103,0
DA:104,0
DA:106,0
DA:110,2
LF:35
LH:11
BRDA:27,0,0,1
BRDA:27,0,1,6
BRDA:33,1,0,3
BRDA:33,1,1,1
BRDA:48,2,0,1
BRDA:50,3,0,1
BRDA:50,3,1,0
BRDA:57,4,0,0
BRDA:57,4,1,0
BRDA:61,5,0,0
BRDA:61,5,1,0
BRDA:71,6,0,0
BRDA:71,6,1,0
BRDA:76,7,0,0
BRDA:76,7,1,0
BRDA:86,8,0,4
BRDA:86,8,1,4
BRDA:86,9,0,8
BRDA:86,9,1,5
BRDA:95,10,0,0
BRDA:95,10,1,0
BRDA:98,11,0,0
BRDA:98,11,1,0
BRDA:98,12,0,0
BRDA:98,12,1,0
BRDA:100,13,0,0
BRDA:100,13,1,0
BRDA:101,14,0,0
BRDA:101,14,1,0
BRDA:101,15,0,0
BRDA:101,15,1,0
BRDA:101,16,0,0
BRDA:101,16,1,0
BRDA:103,17,0,0
BRDA:103,17,1,0
BRDA:104,18,0,0
BRDA:104,18,1,0
BRDA:104,19,0,0
BRDA:104,19,1,0
BRF:39
BRH:10
end_of_record
TN:
SF:packages\registry\tool-registry.js
FN:14,constructor
FN:19,register
FN:25,registerAll
FN:30,get
FN:35,getAllDefinitions
FN:36,(anonymous_5)
FN:47,execute
FN:55,list
FN:60,unregister
FN:65,size
FN:69,_normalizeParams
FNF:11
FNH:9
FNDA:29,constructor
FNDA:35,register
FNDA:0,registerAll
FNDA:11,get
FNDA:3,getAllDefinitions
FNDA:3,(anonymous_5)
FNDA:3,execute
FNDA:1,list
FNDA:0,unregister
FNDA:2,size
FNDA:3,_normalizeParams
DA:15,29
DA:20,35
DA:21,34
DA:26,0
DA:31,11
DA:36,3
DA:48,3
DA:49,3
DA:50,2
DA:51,1
DA:56,1
DA:61,0
DA:65,2
DA:70,3
DA:72,3
DA:75,2
DA:76,2
DA:77,2
DA:78,2
DA:79,2
DA:80,2
DA:81,2
DA:82,3
DA:83,3
DA:84,3
DA:85,3
DA:86,3
DA:87,3
DA:88,3
DA:89,3
DA:92,2
DA:96,0
DA:99,4
LF:33
LH:30
BRDA:20,0,0,1
BRDA:20,0,1,34
BRDA:31,1,0,11
BRDA:31,1,1,1
BRDA:40,2,0,3
BRDA:40,2,1,1
BRDA:41,3,0,3
BRDA:41,3,1,0
BRDA:49,4,0,1
BRDA:49,4,1,2
BRDA:50,5,0,1
BRDA:50,5,1,1
BRDA:70,6,0,0
BRDA:70,6,1,3
BRDA:70,7,0,3
BRDA:70,7,1,3
BRDA:72,8,0,1
BRDA:72,8,1,2
BRDA:72,9,0,3
BRDA:72,9,1,1
BRDA:76,10,0,2
BRDA:76,10,1,0
BRDA:78,11,0,2
BRDA:78,11,1,0
BRDA:78,12,0,2
BRDA:78,12,1,2
BRDA:78,12,2,2
BRDA:78,12,3,0
BRDA:82,13,0,3
BRDA:82,13,1,0
BRDA:82,14,0,3
BRDA:82,14,1,3
BRDA:84,15,0,3
BRDA:84,15,1,0
BRDA:85,16,0,1
BRDA:85,16,1,2
BRDA:86,17,0,0
BRDA:86,17,1,3
BRDA:87,18,0,2
BRDA:87,18,1,1
BRDA:89,19,0,1
BRDA:89,19,1,2
BRDA:92,20,0,1
BRDA:92,20,1,1
BRF:44
BRH:36
end_of_record
TN:
SF:packages\registry\yaml-loader.js
FN:17,constructor
FN:25,loadFromDir
FN:27,(anonymous_2)
FN:49,loadSkillsFromDir
FN:51,(anonymous_4)
FN:69,_parseFile
FN:80,(anonymous_6)
FN:84,loaded
FN:85,loadedSkills
FN:88,_defaultExecutors
FNF:10
FNH:7
FNDA:9,constructor
FNDA:5,loadFromDir
FNDA:3,(anonymous_2)
FNDA:4,loadSkillsFromDir
FNDA:3,(anonymous_4)
FNDA:2,_parseFile
FNDA:0,(anonymous_6)
FNDA:0,loaded
FNDA:0,loadedSkills
FNDA:8,_defaultExecutors
DA:8,1
DA:9,1
DA:10,1
DA:18,9
DA:19,9
DA:20,9
DA:21,9
DA:26,5
DA:27,4
DA:28,4
DA:29,4
DA:30,2
DA:31,2
DA:32,2
DA:33,2
DA:34,2
DA:36,1
DA:39,4
DA:40,4
DA:50,4
DA:51,3
DA:52,3
DA:53,3
DA:54,2
DA:55,2
DA:56,2
DA:57,2
DA:58,1
DA:59,1
DA:60,1
DA:62,1
DA:65,3
DA:66,3
DA:70,2
DA:71,2
DA:72,2
DA:73,2
DA:74,1
DA:75,1
DA:76,1
DA:80,0
DA:84,0
DA:85,0
DA:89,8
DA:90,8
DA:91,8
DA:92,8
DA:95,1
LF:48
LH:45
BRDA:17,0,0,9
BRDA:19,1,0,9
BRDA:19,1,1,8
BRDA:26,2,0,1
BRDA:26,2,1,4
BRDA:27,3,0,3
BRDA:27,3,1,0
BRDA:27,3,2,3
BRDA:39,4,0,1
BRDA:39,4,1,3
BRDA:50,5,0,1
BRDA:50,5,1,3
BRDA:51,6,0,3
BRDA:51,6,1,0
BRDA:51,6,2,3
BRDA:57,7,0,1
BRDA:57,7,1,1
BRDA:57,8,0,2
BRDA:57,8,1,2
BRDA:65,9,0,1
BRDA:65,9,1,2
BRDA:72,10,0,0
BRDA:72,10,1,2
BRDA:73,11,0,1
BRDA:73,11,1,1
BRDA:75,12,0,0
BRDA:75,12,1,1
BRDA:78,13,0,1
BRDA:78,13,1,0
BRDA:79,14,0,2
BRDA:79,14,1,1
BRF:31
BRH:26
end_of_record
TN:
SF:packages\registry\executors\command.js
FN:21,execute
FN:30,(anonymous_1)
FN:31,(anonymous_2)
FN:40,(anonymous_3)
FN:52,_template
FN:53,(anonymous_5)
FN:64,_escapeShellArg
FNF:7
FNH:3
FNDA:0,execute
FNDA:4,(anonymous_1)
FNDA:4,(anonymous_2)
FNDA:3,(anonymous_3)
FNDA:0,_template
FNDA:0,(anonymous_5)
FNDA:0,_escapeShellArg
DA:19,1
DA:22,0
DA:23,0
DA:30,4
DA:31,4
DA:32,4
DA:33,2
DA:35,4
DA:39,3
DA:40,3
DA:41,0
DA:42,0
DA:53,0
DA:54,0
DA:55,0
DA:65,1
DA:68,1
LF:17
LH:10
BRDA:25,0,0,0
BRDA:25,0,1,0
BRDA:26,1,0,0
BRDA:26,1,1,4
BRDA:32,2,0,4
BRDA:32,2,1,4
BRDA:33,3,0,4
BRDA:33,3,1,3
BRDA:39,4,0,3
BRDA:39,4,1,0
BRDA:54,5,0,0
BRDA:54,5,1,0
BRF:12
BRH:6
end_of_record
TN:
SF:packages\registry\executors\http.js
FN:20,execute
FN:39,(anonymous_1)
FN:49,(anonymous_2)
FN:65,(anonymous_3)
FN:67,(anonymous_4)
FN:68,(anonymous_5)
FN:82,_template
FN:83,(anonymous_7)
FN:89,_deepTemplate
FN:91,(anonymous_9)
FN:100,_combineSignals
FN:102,(anonymous_11)
FNF:12
FNH:0
FNDA:0,execute
FNDA:0,(anonymous_1)
FNDA:0,(anonymous_2)
FNDA:0,(anonymous_3)
FNDA:0,(anonymous_4)
FNDA:0,(anonymous_5)
FNDA:0,_template
FNDA:0,(anonymous_7)
FNDA:0,_deepTemplate
FNDA:0,(anonymous_9)
FNDA:0,_combineSignals
FNDA:0,(anonymous_11)
DA:17,0
DA:18,0
DA:21,0
DA:22,0
DA:23,0
DA:25,0
DA:26,0
DA:27,0
DA:31,0
DA:35,0
DA:37,0
DA:38,0
DA:39,0
DA:41,0
DA:45,0
DA:46,0
DA:47,0
DA:49,0
DA:50,0
DA:51,0
DA:59,0
DA:60,0
DA:61,0
DA:64,0
DA:65,0
DA:67,0
DA:68,0
DA:69,0
DA:70,0
DA:73,0
DA:75,0
DA:78,0
DA:83,0
DA:84,0
DA:85,0
DA:90,0
DA:91,0
DA:92,0
DA:93,0
DA:94,0
DA:95,0
DA:97,0
DA:101,0
DA:102,0
DA:103,0
DA:104,0
DA:105,0
DA:106,0
DA:109,1
LF:49
LH:1
BRDA:22,0,0,0
BRDA:22,0,1,0
BRDA:25,1,0,0
BRDA:25,1,1,0
BRDA:31,2,0,0
BRDA:31,2,1,0
BRDA:31,3,0,0
BRDA:31,3,1,0
BRDA:35,4,0,0
BRDA:35,4,1,0
BRDA:38,5,0,0
BRDA:38,5,1,0
BRDA:41,6,0,0
BRDA:41,6,1,0
BRDA:47,7,0,0
BRDA:47,7,1,0
BRDA:59,8,0,0
BRDA:59,8,1,0
BRDA:70,9,0,0
BRDA:70,9,1,0
BRDA:84,10,0,0
BRDA:84,10,1,0
BRDA:90,11,0,0
BRDA:90,11,1,0
BRDA:91,12,0,0
BRDA:91,12,1,0
BRDA:92,13,0,0
BRDA:92,13,1,0
BRDA:92,14,0,0
BRDA:92,14,1,0
BRDA:105,15,0,0
BRDA:105,15,1,0
BRDA:105,16,0,0
BRDA:105,16,1,0
BRF:34
BRH:0
end_of_record
TN:
SF:packages\registry\executors\ssh.js
FN:28,execute
FN:50,(anonymous_1)
FN:60,(anonymous_2)
FN:61,(anonymous_3)
FN:63,(anonymous_4)
FN:67,(anonymous_5)
FN:79,(anonymous_6)
FN:87,_template
FN:88,(anonymous_8)
FNF:9
FNH:0
FNDA:0,execute
FNDA:0,(anonymous_1)
FNDA:0,(anonymous_2)
FNDA:0,(anonymous_3)
FNDA:0,(anonymous_4)
FNDA:0,(anonymous_5)
FNDA:0,(anonymous_6)
FNDA:0,_template
FNDA:0,(anonymous_8)
DA:24,0
DA:25,0
DA:26,0
DA:29,0
DA:30,0
DA:31,0
DA:32,0
DA:33,0
DA:36,0
DA:42,0
DA:43,0
DA:44,0
DA:45,0
DA:48,0
DA:50,0
DA:51,0
DA:57,0
DA:58,0
DA:60,0
DA:61,0
DA:63,0
DA:64,0
DA:67,0
DA:69,0
DA:70,0
DA:71,0
DA:72,0
DA:74,0
DA:78,0
DA:79,0
DA:80,0
DA:81,0
DA:88,0
DA:89,0
DA:90,0
DA:94,1
LF:36
LH:1
BRDA:29,0,0,0
BRDA:29,0,1,0
BRDA:30,1,0,0
BRDA:30,1,1,0
BRDA:31,2,0,0
BRDA:31,2,1,0
BRDA:32,3,0,0
BRDA:32,3,1,0
BRDA:33,4,0,0
BRDA:33,4,1,0
BRDA:42,5,0,0
BRDA:42,5,1,0
BRDA:44,6,0,0
BRDA:44,6,1,0
BRDA:70,7,0,0
BRDA:70,7,1,0
BRDA:71,8,0,0
BRDA:71,8,1,0
BRDA:72,9,0,0
BRDA:72,9,1,0
BRDA:78,10,0,0
BRDA:78,10,1,0
BRDA:89,11,0,0
BRDA:89,11,1,0
BRF:24
BRH:0
end_of_record
